   0  $accept : Program $end

   1  Program : ClassList

   2  ClassList : ClassList ClassDef
   3            | ClassDef

   4  VariableDef : Variable ';'

   5  Variable : Type IDENTIFIER

   6  Type : INT
   7       | VOID
   8       | BOOL
   9       | STRING
  10       | CLASS IDENTIFIER
  11       | Type '[' ']'

  12  ClassDef : CLASS IDENTIFIER ExtendsClause '{' FieldList '}'

  13  ExtendsClause : EXTENDS IDENTIFIER
  14                |

  15  FieldList : FieldList VariableDef
  16            | FieldList FunctionDef
  17            |

  18  Formals : VariableList
  19          |

  20  VariableList : VariableList ',' Variable
  21               | Variable

  22  FunctionDef : STATIC Type IDENTIFIER '(' Formals ')' StmtBlock
  23              | Type IDENTIFIER '(' Formals ')' StmtBlock

  24  StmtBlock : '{' StmtList '}'

  25  StmtList : StmtList Stmt
  26           |

  27  Stmt : VariableDef
  28       | SimpleStmt ';'
  29       | IfStmt
  30       | WhileStmt
  31       | RepeatStmt ';'
  32       | ForStmt
  33       | SwitchStmt
  34       | ReturnStmt ';'
  35       | PrintStmt ';'
  36       | BreakStmt ';'
  37       | StmtBlock

  38  SimpleStmt : LValue '=' Expr
  39             | RunableExpr
  40             |

  41  Receiver : Expr '.'
  42           |

  43  LValue : Receiver IDENTIFIER
  44         | Expr '[' Expr ']'

  45  Call : Receiver IDENTIFIER '(' Actuals ')'

  46  Expr : LValue
  47       | RunableExpr
  48       | Constant
  49       | Expr '+' Expr
  50       | Expr '-' Expr
  51       | Expr '*' Expr
  52       | Expr '/' Expr
  53       | Expr '%' Expr
  54       | Expr EQUAL Expr
  55       | Expr NOT_EQUAL Expr
  56       | Expr '<' Expr
  57       | Expr '>' Expr
  58       | Expr LESS_EQUAL Expr
  59       | Expr GREATER_EQUAL Expr
  60       | Expr AND Expr
  61       | Expr OR Expr
  62       | '(' Expr ')'
  63       | '-' Expr
  64       | '!' Expr
  65       | READ_INTEGER '(' ')'
  66       | READ_LINE '(' ')'
  67       | THIS
  68       | NEW IDENTIFIER '(' ')'
  69       | NEW Type '[' Expr ']'
  70       | INSTANCEOF '(' Expr ',' IDENTIFIER ')'
  71       | '(' CLASS IDENTIFIER ')' Expr
  72       | Expr '?' Expr ':' Expr

  73  RunableExpr : Call
  74              | Expr INC
  75              | Expr DEC
  76              | INC Expr
  77              | DEC Expr

  78  Constant : LITERAL
  79           | NULL

  80  Actuals : ExprList
  81          |

  82  ExprList : ExprList ',' Expr
  83           | Expr

  84  WhileStmt : WHILE '(' Expr ')' Stmt

  85  RepeatStmt : REPEAT Stmt UNTIL '(' Expr ')'

  86  ForStmt : FOR '(' SimpleStmt ';' Expr ';' SimpleStmt ')' Stmt

  87  BreakStmt : BREAK

  88  IfStmt : IF '(' Expr ')' Stmt ElseClause

  89  ElseClause : ELSE Stmt
  90             |

  91  ReturnStmt : RETURN Expr
  92             | RETURN

  93  PrintStmt : PRINT '(' ExprList ')'

  94  SwitchStmt : SWITCH '(' Expr ')' SwitchBlock

  95  SwitchBlock : '{' Cases '}'

  96  Cases : Cases Case
  97        | Cases DefaultCase
  98        |

  99  Case : CASE Expr ':' CaseBlock

 100  DefaultCase : DEFAULT ':' CaseBlock

 101  CaseBlock : StmtList

state 0
	$accept : . Program $end  (0)

	CLASS  shift 1
	.  error

	Program  goto 2
	ClassList  goto 3
	ClassDef  goto 4


state 1
	ClassDef : CLASS . IDENTIFIER ExtendsClause '{' FieldList '}'  (12)

	IDENTIFIER  shift 5
	.  error


state 2
	$accept : Program . $end  (0)

	$end  accept


state 3
	Program : ClassList .  (1)
	ClassList : ClassList . ClassDef  (2)

	CLASS  shift 1
	$end  reduce 1

	ClassDef  goto 6


state 4
	ClassList : ClassDef .  (3)

	.  reduce 3


state 5
	ClassDef : CLASS IDENTIFIER . ExtendsClause '{' FieldList '}'  (12)
	ExtendsClause : .  (14)

	EXTENDS  shift 7
	'{'  reduce 14

	ExtendsClause  goto 8


state 6
	ClassList : ClassList ClassDef .  (2)

	.  reduce 2


state 7
	ExtendsClause : EXTENDS . IDENTIFIER  (13)

	IDENTIFIER  shift 9
	.  error


state 8
	ClassDef : CLASS IDENTIFIER ExtendsClause . '{' FieldList '}'  (12)

	'{'  shift 10
	.  error


state 9
	ExtendsClause : EXTENDS IDENTIFIER .  (13)

	.  reduce 13


state 10
	ClassDef : CLASS IDENTIFIER ExtendsClause '{' . FieldList '}'  (12)
	FieldList : .  (17)

	.  reduce 17

	FieldList  goto 11


state 11
	ClassDef : CLASS IDENTIFIER ExtendsClause '{' FieldList . '}'  (12)
	FieldList : FieldList . VariableDef  (15)
	FieldList : FieldList . FunctionDef  (16)

	VOID  shift 12
	BOOL  shift 13
	INT  shift 14
	STRING  shift 15
	CLASS  shift 16
	STATIC  shift 17
	'}'  shift 18
	.  error

	VariableDef  goto 19
	Variable  goto 20
	Type  goto 21
	FunctionDef  goto 22


state 12
	Type : VOID .  (7)

	.  reduce 7


state 13
	Type : BOOL .  (8)

	.  reduce 8


state 14
	Type : INT .  (6)

	.  reduce 6


state 15
	Type : STRING .  (9)

	.  reduce 9


state 16
	Type : CLASS . IDENTIFIER  (10)

	IDENTIFIER  shift 23
	.  error


state 17
	FunctionDef : STATIC . Type IDENTIFIER '(' Formals ')' StmtBlock  (22)

	VOID  shift 12
	BOOL  shift 13
	INT  shift 14
	STRING  shift 15
	CLASS  shift 16
	.  error

	Type  goto 24


state 18
	ClassDef : CLASS IDENTIFIER ExtendsClause '{' FieldList '}' .  (12)

	.  reduce 12


state 19
	FieldList : FieldList VariableDef .  (15)

	.  reduce 15


state 20
	VariableDef : Variable . ';'  (4)

	';'  shift 25
	.  error


state 21
	Variable : Type . IDENTIFIER  (5)
	Type : Type . '[' ']'  (11)
	FunctionDef : Type . IDENTIFIER '(' Formals ')' StmtBlock  (23)

	IDENTIFIER  shift 26
	'['  shift 27
	.  error


state 22
	FieldList : FieldList FunctionDef .  (16)

	.  reduce 16


state 23
	Type : CLASS IDENTIFIER .  (10)

	.  reduce 10


state 24
	Type : Type . '[' ']'  (11)
	FunctionDef : STATIC Type . IDENTIFIER '(' Formals ')' StmtBlock  (22)

	IDENTIFIER  shift 28
	'['  shift 27
	.  error


state 25
	VariableDef : Variable ';' .  (4)

	.  reduce 4


state 26
	Variable : Type IDENTIFIER .  (5)
	FunctionDef : Type IDENTIFIER . '(' Formals ')' StmtBlock  (23)

	'('  shift 29
	';'  reduce 5


state 27
	Type : Type '[' . ']'  (11)

	']'  shift 30
	.  error


state 28
	FunctionDef : STATIC Type IDENTIFIER . '(' Formals ')' StmtBlock  (22)

	'('  shift 31
	.  error


state 29
	FunctionDef : Type IDENTIFIER '(' . Formals ')' StmtBlock  (23)
	Formals : .  (19)

	VOID  shift 12
	BOOL  shift 13
	INT  shift 14
	STRING  shift 15
	CLASS  shift 16
	')'  reduce 19

	Variable  goto 32
	Type  goto 33
	Formals  goto 34
	VariableList  goto 35


state 30
	Type : Type '[' ']' .  (11)

	.  reduce 11


state 31
	FunctionDef : STATIC Type IDENTIFIER '(' . Formals ')' StmtBlock  (22)
	Formals : .  (19)

	VOID  shift 12
	BOOL  shift 13
	INT  shift 14
	STRING  shift 15
	CLASS  shift 16
	')'  reduce 19

	Variable  goto 32
	Type  goto 33
	Formals  goto 36
	VariableList  goto 35


state 32
	VariableList : Variable .  (21)

	.  reduce 21


state 33
	Variable : Type . IDENTIFIER  (5)
	Type : Type . '[' ']'  (11)

	IDENTIFIER  shift 37
	'['  shift 27
	.  error


state 34
	FunctionDef : Type IDENTIFIER '(' Formals . ')' StmtBlock  (23)

	')'  shift 38
	.  error


state 35
	Formals : VariableList .  (18)
	VariableList : VariableList . ',' Variable  (20)

	','  shift 39
	')'  reduce 18


state 36
	FunctionDef : STATIC Type IDENTIFIER '(' Formals . ')' StmtBlock  (22)

	')'  shift 40
	.  error


state 37
	Variable : Type IDENTIFIER .  (5)

	.  reduce 5


state 38
	FunctionDef : Type IDENTIFIER '(' Formals ')' . StmtBlock  (23)

	'{'  shift 41
	.  error

	StmtBlock  goto 42


state 39
	VariableList : VariableList ',' . Variable  (20)

	VOID  shift 12
	BOOL  shift 13
	INT  shift 14
	STRING  shift 15
	CLASS  shift 16
	.  error

	Variable  goto 43
	Type  goto 33


state 40
	FunctionDef : STATIC Type IDENTIFIER '(' Formals ')' . StmtBlock  (22)

	'{'  shift 41
	.  error

	StmtBlock  goto 44


state 41
	StmtBlock : '{' . StmtList '}'  (24)
	StmtList : .  (26)

	.  reduce 26

	StmtList  goto 45


state 42
	FunctionDef : Type IDENTIFIER '(' Formals ')' StmtBlock .  (23)

	.  reduce 23


state 43
	VariableList : VariableList ',' Variable .  (20)

	.  reduce 20


state 44
	FunctionDef : STATIC Type IDENTIFIER '(' Formals ')' StmtBlock .  (22)

	.  reduce 22


state 45
	StmtBlock : '{' StmtList . '}'  (24)
	StmtList : StmtList . Stmt  (25)
	SimpleStmt : .  (40)
	Receiver : .  (42)

	VOID  shift 12
	BOOL  shift 13
	INT  shift 14
	STRING  shift 15
	CLASS  shift 16
	NULL  shift 46
	THIS  shift 47
	WHILE  shift 48
	FOR  shift 49
	REPEAT  shift 50
	IF  shift 51
	RETURN  shift 52
	BREAK  shift 53
	NEW  shift 54
	SWITCH  shift 55
	PRINT  shift 56
	READ_INTEGER  shift 57
	READ_LINE  shift 58
	LITERAL  shift 59
	INSTANCEOF  shift 60
	DEC  shift 61
	INC  shift 62
	'-'  shift 63
	'!'  shift 64
	'('  shift 65
	'{'  shift 41
	'}'  shift 66
	IDENTIFIER  reduce 42
	';'  reduce 40

	VariableDef  goto 67
	Variable  goto 20
	Type  goto 33
	StmtBlock  goto 68
	Stmt  goto 69
	SimpleStmt  goto 70
	IfStmt  goto 71
	WhileStmt  goto 72
	RepeatStmt  goto 73
	ForStmt  goto 74
	SwitchStmt  goto 75
	ReturnStmt  goto 76
	PrintStmt  goto 77
	BreakStmt  goto 78
	LValue  goto 79
	Expr  goto 80
	RunableExpr  goto 81
	Receiver  goto 82
	Call  goto 83
	Constant  goto 84


state 46
	Constant : NULL .  (79)

	.  reduce 79


state 47
	Expr : THIS .  (67)

	.  reduce 67


state 48
	WhileStmt : WHILE . '(' Expr ')' Stmt  (84)

	'('  shift 85
	.  error


state 49
	ForStmt : FOR . '(' SimpleStmt ';' Expr ';' SimpleStmt ')' Stmt  (86)

	'('  shift 86
	.  error


state 50
	RepeatStmt : REPEAT . Stmt UNTIL '(' Expr ')'  (85)
	SimpleStmt : .  (40)
	Receiver : .  (42)

	VOID  shift 12
	BOOL  shift 13
	INT  shift 14
	STRING  shift 15
	CLASS  shift 16
	NULL  shift 46
	THIS  shift 47
	WHILE  shift 48
	FOR  shift 49
	REPEAT  shift 50
	IF  shift 51
	RETURN  shift 52
	BREAK  shift 53
	NEW  shift 54
	SWITCH  shift 55
	PRINT  shift 56
	READ_INTEGER  shift 57
	READ_LINE  shift 58
	LITERAL  shift 59
	INSTANCEOF  shift 60
	DEC  shift 61
	INC  shift 62
	'-'  shift 63
	'!'  shift 64
	'('  shift 65
	'{'  shift 41
	IDENTIFIER  reduce 42
	';'  reduce 40

	VariableDef  goto 67
	Variable  goto 20
	Type  goto 33
	StmtBlock  goto 68
	Stmt  goto 87
	SimpleStmt  goto 70
	IfStmt  goto 71
	WhileStmt  goto 72
	RepeatStmt  goto 73
	ForStmt  goto 74
	SwitchStmt  goto 75
	ReturnStmt  goto 76
	PrintStmt  goto 77
	BreakStmt  goto 78
	LValue  goto 79
	Expr  goto 80
	RunableExpr  goto 81
	Receiver  goto 82
	Call  goto 83
	Constant  goto 84


state 51
	IfStmt : IF . '(' Expr ')' Stmt ElseClause  (88)

	'('  shift 88
	.  error


state 52
	ReturnStmt : RETURN . Expr  (91)
	ReturnStmt : RETURN .  (92)
	Receiver : .  (42)

	NULL  shift 46
	THIS  shift 47
	NEW  shift 54
	READ_INTEGER  shift 57
	READ_LINE  shift 58
	LITERAL  shift 59
	INSTANCEOF  shift 60
	DEC  shift 61
	INC  shift 62
	'-'  shift 63
	'!'  shift 64
	'('  shift 65
	IDENTIFIER  reduce 42
	';'  reduce 92

	LValue  goto 89
	Expr  goto 90
	RunableExpr  goto 91
	Receiver  goto 82
	Call  goto 83
	Constant  goto 84


state 53
	BreakStmt : BREAK .  (87)

	.  reduce 87


state 54
	Expr : NEW . IDENTIFIER '(' ')'  (68)
	Expr : NEW . Type '[' Expr ']'  (69)

	VOID  shift 12
	BOOL  shift 13
	INT  shift 14
	STRING  shift 15
	CLASS  shift 16
	IDENTIFIER  shift 92
	.  error

	Type  goto 93


state 55
	SwitchStmt : SWITCH . '(' Expr ')' SwitchBlock  (94)

	'('  shift 94
	.  error


state 56
	PrintStmt : PRINT . '(' ExprList ')'  (93)

	'('  shift 95
	.  error


state 57
	Expr : READ_INTEGER . '(' ')'  (65)

	'('  shift 96
	.  error


state 58
	Expr : READ_LINE . '(' ')'  (66)

	'('  shift 97
	.  error


state 59
	Constant : LITERAL .  (78)

	.  reduce 78


state 60
	Expr : INSTANCEOF . '(' Expr ',' IDENTIFIER ')'  (70)

	'('  shift 98
	.  error


state 61
	RunableExpr : DEC . Expr  (77)
	Receiver : .  (42)

	NULL  shift 46
	THIS  shift 47
	NEW  shift 54
	READ_INTEGER  shift 57
	READ_LINE  shift 58
	LITERAL  shift 59
	INSTANCEOF  shift 60
	DEC  shift 61
	INC  shift 62
	'-'  shift 63
	'!'  shift 64
	'('  shift 65
	IDENTIFIER  reduce 42

	LValue  goto 89
	Expr  goto 99
	RunableExpr  goto 91
	Receiver  goto 82
	Call  goto 83
	Constant  goto 84


state 62
	RunableExpr : INC . Expr  (76)
	Receiver : .  (42)

	NULL  shift 46
	THIS  shift 47
	NEW  shift 54
	READ_INTEGER  shift 57
	READ_LINE  shift 58
	LITERAL  shift 59
	INSTANCEOF  shift 60
	DEC  shift 61
	INC  shift 62
	'-'  shift 63
	'!'  shift 64
	'('  shift 65
	IDENTIFIER  reduce 42

	LValue  goto 89
	Expr  goto 100
	RunableExpr  goto 91
	Receiver  goto 82
	Call  goto 83
	Constant  goto 84


state 63
	Expr : '-' . Expr  (63)
	Receiver : .  (42)

	NULL  shift 46
	THIS  shift 47
	NEW  shift 54
	READ_INTEGER  shift 57
	READ_LINE  shift 58
	LITERAL  shift 59
	INSTANCEOF  shift 60
	DEC  shift 61
	INC  shift 62
	'-'  shift 63
	'!'  shift 64
	'('  shift 65
	IDENTIFIER  reduce 42

	LValue  goto 89
	Expr  goto 101
	RunableExpr  goto 91
	Receiver  goto 82
	Call  goto 83
	Constant  goto 84


state 64
	Expr : '!' . Expr  (64)
	Receiver : .  (42)

	NULL  shift 46
	THIS  shift 47
	NEW  shift 54
	READ_INTEGER  shift 57
	READ_LINE  shift 58
	LITERAL  shift 59
	INSTANCEOF  shift 60
	DEC  shift 61
	INC  shift 62
	'-'  shift 63
	'!'  shift 64
	'('  shift 65
	IDENTIFIER  reduce 42

	LValue  goto 89
	Expr  goto 102
	RunableExpr  goto 91
	Receiver  goto 82
	Call  goto 83
	Constant  goto 84


state 65
	Expr : '(' . Expr ')'  (62)
	Expr : '(' . CLASS IDENTIFIER ')' Expr  (71)
	Receiver : .  (42)

	CLASS  shift 103
	NULL  shift 46
	THIS  shift 47
	NEW  shift 54
	READ_INTEGER  shift 57
	READ_LINE  shift 58
	LITERAL  shift 59
	INSTANCEOF  shift 60
	DEC  shift 61
	INC  shift 62
	'-'  shift 63
	'!'  shift 64
	'('  shift 65
	IDENTIFIER  reduce 42

	LValue  goto 89
	Expr  goto 104
	RunableExpr  goto 91
	Receiver  goto 82
	Call  goto 83
	Constant  goto 84


state 66
	StmtBlock : '{' StmtList '}' .  (24)

	.  reduce 24


state 67
	Stmt : VariableDef .  (27)

	.  reduce 27


state 68
	Stmt : StmtBlock .  (37)

	.  reduce 37


state 69
	StmtList : StmtList Stmt .  (25)

	.  reduce 25


state 70
	Stmt : SimpleStmt . ';'  (28)

	';'  shift 105
	.  error


state 71
	Stmt : IfStmt .  (29)

	.  reduce 29


state 72
	Stmt : WhileStmt .  (30)

	.  reduce 30


state 73
	Stmt : RepeatStmt . ';'  (31)

	';'  shift 106
	.  error


state 74
	Stmt : ForStmt .  (32)

	.  reduce 32


state 75
	Stmt : SwitchStmt .  (33)

	.  reduce 33


state 76
	Stmt : ReturnStmt . ';'  (34)

	';'  shift 107
	.  error


state 77
	Stmt : PrintStmt . ';'  (35)

	';'  shift 108
	.  error


state 78
	Stmt : BreakStmt . ';'  (36)

	';'  shift 109
	.  error


state 79
	SimpleStmt : LValue . '=' Expr  (38)
	Expr : LValue .  (46)

	'='  shift 110
	AND  reduce 46
	OR  reduce 46
	LESS_EQUAL  reduce 46
	GREATER_EQUAL  reduce 46
	EQUAL  reduce 46
	NOT_EQUAL  reduce 46
	DEC  reduce 46
	INC  reduce 46
	'+'  reduce 46
	'-'  reduce 46
	'*'  reduce 46
	'/'  reduce 46
	'%'  reduce 46
	'>'  reduce 46
	'<'  reduce 46
	'.'  reduce 46
	'['  reduce 46
	'?'  reduce 46


state 80
	Receiver : Expr . '.'  (41)
	LValue : Expr . '[' Expr ']'  (44)
	Expr : Expr . '+' Expr  (49)
	Expr : Expr . '-' Expr  (50)
	Expr : Expr . '*' Expr  (51)
	Expr : Expr . '/' Expr  (52)
	Expr : Expr . '%' Expr  (53)
	Expr : Expr . EQUAL Expr  (54)
	Expr : Expr . NOT_EQUAL Expr  (55)
	Expr : Expr . '<' Expr  (56)
	Expr : Expr . '>' Expr  (57)
	Expr : Expr . LESS_EQUAL Expr  (58)
	Expr : Expr . GREATER_EQUAL Expr  (59)
	Expr : Expr . AND Expr  (60)
	Expr : Expr . OR Expr  (61)
	Expr : Expr . '?' Expr ':' Expr  (72)
	RunableExpr : Expr . INC  (74)
	RunableExpr : Expr . DEC  (75)

	AND  shift 111
	OR  shift 112
	LESS_EQUAL  shift 113
	GREATER_EQUAL  shift 114
	EQUAL  shift 115
	NOT_EQUAL  shift 116
	DEC  shift 117
	INC  shift 118
	'+'  shift 119
	'-'  shift 120
	'*'  shift 121
	'/'  shift 122
	'%'  shift 123
	'>'  shift 124
	'<'  shift 125
	'.'  shift 126
	'['  shift 127
	'?'  shift 128
	.  error


state 81
	SimpleStmt : RunableExpr .  (39)
	Expr : RunableExpr .  (47)

	AND  reduce 47
	OR  reduce 47
	LESS_EQUAL  reduce 47
	GREATER_EQUAL  reduce 47
	EQUAL  reduce 47
	NOT_EQUAL  reduce 47
	DEC  reduce 47
	INC  reduce 47
	'+'  reduce 47
	'-'  reduce 47
	'*'  reduce 47
	'/'  reduce 47
	'%'  reduce 47
	'>'  reduce 47
	'<'  reduce 47
	'.'  reduce 47
	';'  reduce 39
	')'  reduce 39
	'['  reduce 47
	'?'  reduce 47


state 82
	LValue : Receiver . IDENTIFIER  (43)
	Call : Receiver . IDENTIFIER '(' Actuals ')'  (45)

	IDENTIFIER  shift 129
	.  error


state 83
	RunableExpr : Call .  (73)

	.  reduce 73


state 84
	Expr : Constant .  (48)

	.  reduce 48


state 85
	WhileStmt : WHILE '(' . Expr ')' Stmt  (84)
	Receiver : .  (42)

	NULL  shift 46
	THIS  shift 47
	NEW  shift 54
	READ_INTEGER  shift 57
	READ_LINE  shift 58
	LITERAL  shift 59
	INSTANCEOF  shift 60
	DEC  shift 61
	INC  shift 62
	'-'  shift 63
	'!'  shift 64
	'('  shift 65
	IDENTIFIER  reduce 42

	LValue  goto 89
	Expr  goto 130
	RunableExpr  goto 91
	Receiver  goto 82
	Call  goto 83
	Constant  goto 84


state 86
	ForStmt : FOR '(' . SimpleStmt ';' Expr ';' SimpleStmt ')' Stmt  (86)
	SimpleStmt : .  (40)
	Receiver : .  (42)

	NULL  shift 46
	THIS  shift 47
	NEW  shift 54
	READ_INTEGER  shift 57
	READ_LINE  shift 58
	LITERAL  shift 59
	INSTANCEOF  shift 60
	DEC  shift 61
	INC  shift 62
	'-'  shift 63
	'!'  shift 64
	'('  shift 65
	IDENTIFIER  reduce 42
	';'  reduce 40

	SimpleStmt  goto 131
	LValue  goto 79
	Expr  goto 80
	RunableExpr  goto 81
	Receiver  goto 82
	Call  goto 83
	Constant  goto 84


state 87
	RepeatStmt : REPEAT Stmt . UNTIL '(' Expr ')'  (85)

	UNTIL  shift 132
	.  error


state 88
	IfStmt : IF '(' . Expr ')' Stmt ElseClause  (88)
	Receiver : .  (42)

	NULL  shift 46
	THIS  shift 47
	NEW  shift 54
	READ_INTEGER  shift 57
	READ_LINE  shift 58
	LITERAL  shift 59
	INSTANCEOF  shift 60
	DEC  shift 61
	INC  shift 62
	'-'  shift 63
	'!'  shift 64
	'('  shift 65
	IDENTIFIER  reduce 42

	LValue  goto 89
	Expr  goto 133
	RunableExpr  goto 91
	Receiver  goto 82
	Call  goto 83
	Constant  goto 84


state 89
	Expr : LValue .  (46)

	.  reduce 46


state 90
	Receiver : Expr . '.'  (41)
	LValue : Expr . '[' Expr ']'  (44)
	Expr : Expr . '+' Expr  (49)
	Expr : Expr . '-' Expr  (50)
	Expr : Expr . '*' Expr  (51)
	Expr : Expr . '/' Expr  (52)
	Expr : Expr . '%' Expr  (53)
	Expr : Expr . EQUAL Expr  (54)
	Expr : Expr . NOT_EQUAL Expr  (55)
	Expr : Expr . '<' Expr  (56)
	Expr : Expr . '>' Expr  (57)
	Expr : Expr . LESS_EQUAL Expr  (58)
	Expr : Expr . GREATER_EQUAL Expr  (59)
	Expr : Expr . AND Expr  (60)
	Expr : Expr . OR Expr  (61)
	Expr : Expr . '?' Expr ':' Expr  (72)
	RunableExpr : Expr . INC  (74)
	RunableExpr : Expr . DEC  (75)
	ReturnStmt : RETURN Expr .  (91)

	AND  shift 111
	OR  shift 112
	LESS_EQUAL  shift 113
	GREATER_EQUAL  shift 114
	EQUAL  shift 115
	NOT_EQUAL  shift 116
	DEC  shift 117
	INC  shift 118
	'+'  shift 119
	'-'  shift 120
	'*'  shift 121
	'/'  shift 122
	'%'  shift 123
	'>'  shift 124
	'<'  shift 125
	'.'  shift 126
	'['  shift 127
	'?'  shift 128
	';'  reduce 91


state 91
	Expr : RunableExpr .  (47)

	.  reduce 47


state 92
	Expr : NEW IDENTIFIER . '(' ')'  (68)

	'('  shift 134
	.  error


state 93
	Type : Type . '[' ']'  (11)
	Expr : NEW Type . '[' Expr ']'  (69)

	'['  shift 135
	.  error


state 94
	SwitchStmt : SWITCH '(' . Expr ')' SwitchBlock  (94)
	Receiver : .  (42)

	NULL  shift 46
	THIS  shift 47
	NEW  shift 54
	READ_INTEGER  shift 57
	READ_LINE  shift 58
	LITERAL  shift 59
	INSTANCEOF  shift 60
	DEC  shift 61
	INC  shift 62
	'-'  shift 63
	'!'  shift 64
	'('  shift 65
	IDENTIFIER  reduce 42

	LValue  goto 89
	Expr  goto 136
	RunableExpr  goto 91
	Receiver  goto 82
	Call  goto 83
	Constant  goto 84


state 95
	PrintStmt : PRINT '(' . ExprList ')'  (93)
	Receiver : .  (42)

	NULL  shift 46
	THIS  shift 47
	NEW  shift 54
	READ_INTEGER  shift 57
	READ_LINE  shift 58
	LITERAL  shift 59
	INSTANCEOF  shift 60
	DEC  shift 61
	INC  shift 62
	'-'  shift 63
	'!'  shift 64
	'('  shift 65
	IDENTIFIER  reduce 42

	LValue  goto 89
	Expr  goto 137
	RunableExpr  goto 91
	Receiver  goto 82
	Call  goto 83
	Constant  goto 84
	ExprList  goto 138


state 96
	Expr : READ_INTEGER '(' . ')'  (65)

	')'  shift 139
	.  error


state 97
	Expr : READ_LINE '(' . ')'  (66)

	')'  shift 140
	.  error


state 98
	Expr : INSTANCEOF '(' . Expr ',' IDENTIFIER ')'  (70)
	Receiver : .  (42)

	NULL  shift 46
	THIS  shift 47
	NEW  shift 54
	READ_INTEGER  shift 57
	READ_LINE  shift 58
	LITERAL  shift 59
	INSTANCEOF  shift 60
	DEC  shift 61
	INC  shift 62
	'-'  shift 63
	'!'  shift 64
	'('  shift 65
	IDENTIFIER  reduce 42

	LValue  goto 89
	Expr  goto 141
	RunableExpr  goto 91
	Receiver  goto 82
	Call  goto 83
	Constant  goto 84


state 99
	Receiver : Expr . '.'  (41)
	LValue : Expr . '[' Expr ']'  (44)
	Expr : Expr . '+' Expr  (49)
	Expr : Expr . '-' Expr  (50)
	Expr : Expr . '*' Expr  (51)
	Expr : Expr . '/' Expr  (52)
	Expr : Expr . '%' Expr  (53)
	Expr : Expr . EQUAL Expr  (54)
	Expr : Expr . NOT_EQUAL Expr  (55)
	Expr : Expr . '<' Expr  (56)
	Expr : Expr . '>' Expr  (57)
	Expr : Expr . LESS_EQUAL Expr  (58)
	Expr : Expr . GREATER_EQUAL Expr  (59)
	Expr : Expr . AND Expr  (60)
	Expr : Expr . OR Expr  (61)
	Expr : Expr . '?' Expr ':' Expr  (72)
	RunableExpr : Expr . INC  (74)
	RunableExpr : Expr . DEC  (75)
	RunableExpr : DEC Expr .  (77)

	'.'  shift 126
	'['  shift 127
	AND  reduce 77
	OR  reduce 77
	LESS_EQUAL  reduce 77
	GREATER_EQUAL  reduce 77
	EQUAL  reduce 77
	NOT_EQUAL  reduce 77
	'+'  reduce 77
	'-'  reduce 77
	'*'  reduce 77
	'/'  reduce 77
	'%'  reduce 77
	'>'  reduce 77
	'<'  reduce 77
	','  reduce 77
	';'  reduce 77
	')'  reduce 77
	']'  reduce 77
	'?'  reduce 77
	':'  reduce 77


state 100
	Receiver : Expr . '.'  (41)
	LValue : Expr . '[' Expr ']'  (44)
	Expr : Expr . '+' Expr  (49)
	Expr : Expr . '-' Expr  (50)
	Expr : Expr . '*' Expr  (51)
	Expr : Expr . '/' Expr  (52)
	Expr : Expr . '%' Expr  (53)
	Expr : Expr . EQUAL Expr  (54)
	Expr : Expr . NOT_EQUAL Expr  (55)
	Expr : Expr . '<' Expr  (56)
	Expr : Expr . '>' Expr  (57)
	Expr : Expr . LESS_EQUAL Expr  (58)
	Expr : Expr . GREATER_EQUAL Expr  (59)
	Expr : Expr . AND Expr  (60)
	Expr : Expr . OR Expr  (61)
	Expr : Expr . '?' Expr ':' Expr  (72)
	RunableExpr : Expr . INC  (74)
	RunableExpr : Expr . DEC  (75)
	RunableExpr : INC Expr .  (76)

	'.'  shift 126
	'['  shift 127
	AND  reduce 76
	OR  reduce 76
	LESS_EQUAL  reduce 76
	GREATER_EQUAL  reduce 76
	EQUAL  reduce 76
	NOT_EQUAL  reduce 76
	'+'  reduce 76
	'-'  reduce 76
	'*'  reduce 76
	'/'  reduce 76
	'%'  reduce 76
	'>'  reduce 76
	'<'  reduce 76
	','  reduce 76
	';'  reduce 76
	')'  reduce 76
	']'  reduce 76
	'?'  reduce 76
	':'  reduce 76


state 101
	Receiver : Expr . '.'  (41)
	LValue : Expr . '[' Expr ']'  (44)
	Expr : Expr . '+' Expr  (49)
	Expr : Expr . '-' Expr  (50)
	Expr : Expr . '*' Expr  (51)
	Expr : Expr . '/' Expr  (52)
	Expr : Expr . '%' Expr  (53)
	Expr : Expr . EQUAL Expr  (54)
	Expr : Expr . NOT_EQUAL Expr  (55)
	Expr : Expr . '<' Expr  (56)
	Expr : Expr . '>' Expr  (57)
	Expr : Expr . LESS_EQUAL Expr  (58)
	Expr : Expr . GREATER_EQUAL Expr  (59)
	Expr : Expr . AND Expr  (60)
	Expr : Expr . OR Expr  (61)
	Expr : '-' Expr .  (63)
	Expr : Expr . '?' Expr ':' Expr  (72)
	RunableExpr : Expr . INC  (74)
	RunableExpr : Expr . DEC  (75)

	DEC  shift 117
	INC  shift 118
	'.'  shift 126
	'['  shift 127
	AND  reduce 63
	OR  reduce 63
	LESS_EQUAL  reduce 63
	GREATER_EQUAL  reduce 63
	EQUAL  reduce 63
	NOT_EQUAL  reduce 63
	'+'  reduce 63
	'-'  reduce 63
	'*'  reduce 63
	'/'  reduce 63
	'%'  reduce 63
	'>'  reduce 63
	'<'  reduce 63
	','  reduce 63
	';'  reduce 63
	')'  reduce 63
	']'  reduce 63
	'?'  reduce 63
	':'  reduce 63


state 102
	Receiver : Expr . '.'  (41)
	LValue : Expr . '[' Expr ']'  (44)
	Expr : Expr . '+' Expr  (49)
	Expr : Expr . '-' Expr  (50)
	Expr : Expr . '*' Expr  (51)
	Expr : Expr . '/' Expr  (52)
	Expr : Expr . '%' Expr  (53)
	Expr : Expr . EQUAL Expr  (54)
	Expr : Expr . NOT_EQUAL Expr  (55)
	Expr : Expr . '<' Expr  (56)
	Expr : Expr . '>' Expr  (57)
	Expr : Expr . LESS_EQUAL Expr  (58)
	Expr : Expr . GREATER_EQUAL Expr  (59)
	Expr : Expr . AND Expr  (60)
	Expr : Expr . OR Expr  (61)
	Expr : '!' Expr .  (64)
	Expr : Expr . '?' Expr ':' Expr  (72)
	RunableExpr : Expr . INC  (74)
	RunableExpr : Expr . DEC  (75)

	DEC  shift 117
	INC  shift 118
	'.'  shift 126
	'['  shift 127
	AND  reduce 64
	OR  reduce 64
	LESS_EQUAL  reduce 64
	GREATER_EQUAL  reduce 64
	EQUAL  reduce 64
	NOT_EQUAL  reduce 64
	'+'  reduce 64
	'-'  reduce 64
	'*'  reduce 64
	'/'  reduce 64
	'%'  reduce 64
	'>'  reduce 64
	'<'  reduce 64
	','  reduce 64
	';'  reduce 64
	')'  reduce 64
	']'  reduce 64
	'?'  reduce 64
	':'  reduce 64


state 103
	Expr : '(' CLASS . IDENTIFIER ')' Expr  (71)

	IDENTIFIER  shift 142
	.  error


state 104
	Receiver : Expr . '.'  (41)
	LValue : Expr . '[' Expr ']'  (44)
	Expr : Expr . '+' Expr  (49)
	Expr : Expr . '-' Expr  (50)
	Expr : Expr . '*' Expr  (51)
	Expr : Expr . '/' Expr  (52)
	Expr : Expr . '%' Expr  (53)
	Expr : Expr . EQUAL Expr  (54)
	Expr : Expr . NOT_EQUAL Expr  (55)
	Expr : Expr . '<' Expr  (56)
	Expr : Expr . '>' Expr  (57)
	Expr : Expr . LESS_EQUAL Expr  (58)
	Expr : Expr . GREATER_EQUAL Expr  (59)
	Expr : Expr . AND Expr  (60)
	Expr : Expr . OR Expr  (61)
	Expr : '(' Expr . ')'  (62)
	Expr : Expr . '?' Expr ':' Expr  (72)
	RunableExpr : Expr . INC  (74)
	RunableExpr : Expr . DEC  (75)

	AND  shift 111
	OR  shift 112
	LESS_EQUAL  shift 113
	GREATER_EQUAL  shift 114
	EQUAL  shift 115
	NOT_EQUAL  shift 116
	DEC  shift 117
	INC  shift 118
	'+'  shift 119
	'-'  shift 120
	'*'  shift 121
	'/'  shift 122
	'%'  shift 123
	'>'  shift 124
	'<'  shift 125
	'.'  shift 126
	')'  shift 143
	'['  shift 127
	'?'  shift 128
	.  error


state 105
	Stmt : SimpleStmt ';' .  (28)

	.  reduce 28


state 106
	Stmt : RepeatStmt ';' .  (31)

	.  reduce 31


state 107
	Stmt : ReturnStmt ';' .  (34)

	.  reduce 34


state 108
	Stmt : PrintStmt ';' .  (35)

	.  reduce 35


state 109
	Stmt : BreakStmt ';' .  (36)

	.  reduce 36


state 110
	SimpleStmt : LValue '=' . Expr  (38)
	Receiver : .  (42)

	NULL  shift 46
	THIS  shift 47
	NEW  shift 54
	READ_INTEGER  shift 57
	READ_LINE  shift 58
	LITERAL  shift 59
	INSTANCEOF  shift 60
	DEC  shift 61
	INC  shift 62
	'-'  shift 63
	'!'  shift 64
	'('  shift 65
	IDENTIFIER  reduce 42

	LValue  goto 89
	Expr  goto 144
	RunableExpr  goto 91
	Receiver  goto 82
	Call  goto 83
	Constant  goto 84


state 111
	Expr : Expr AND . Expr  (60)
	Receiver : .  (42)

	NULL  shift 46
	THIS  shift 47
	NEW  shift 54
	READ_INTEGER  shift 57
	READ_LINE  shift 58
	LITERAL  shift 59
	INSTANCEOF  shift 60
	DEC  shift 61
	INC  shift 62
	'-'  shift 63
	'!'  shift 64
	'('  shift 65
	IDENTIFIER  reduce 42

	LValue  goto 89
	Expr  goto 145
	RunableExpr  goto 91
	Receiver  goto 82
	Call  goto 83
	Constant  goto 84


state 112
	Expr : Expr OR . Expr  (61)
	Receiver : .  (42)

	NULL  shift 46
	THIS  shift 47
	NEW  shift 54
	READ_INTEGER  shift 57
	READ_LINE  shift 58
	LITERAL  shift 59
	INSTANCEOF  shift 60
	DEC  shift 61
	INC  shift 62
	'-'  shift 63
	'!'  shift 64
	'('  shift 65
	IDENTIFIER  reduce 42

	LValue  goto 89
	Expr  goto 146
	RunableExpr  goto 91
	Receiver  goto 82
	Call  goto 83
	Constant  goto 84


state 113
	Expr : Expr LESS_EQUAL . Expr  (58)
	Receiver : .  (42)

	NULL  shift 46
	THIS  shift 47
	NEW  shift 54
	READ_INTEGER  shift 57
	READ_LINE  shift 58
	LITERAL  shift 59
	INSTANCEOF  shift 60
	DEC  shift 61
	INC  shift 62
	'-'  shift 63
	'!'  shift 64
	'('  shift 65
	IDENTIFIER  reduce 42

	LValue  goto 89
	Expr  goto 147
	RunableExpr  goto 91
	Receiver  goto 82
	Call  goto 83
	Constant  goto 84


state 114
	Expr : Expr GREATER_EQUAL . Expr  (59)
	Receiver : .  (42)

	NULL  shift 46
	THIS  shift 47
	NEW  shift 54
	READ_INTEGER  shift 57
	READ_LINE  shift 58
	LITERAL  shift 59
	INSTANCEOF  shift 60
	DEC  shift 61
	INC  shift 62
	'-'  shift 63
	'!'  shift 64
	'('  shift 65
	IDENTIFIER  reduce 42

	LValue  goto 89
	Expr  goto 148
	RunableExpr  goto 91
	Receiver  goto 82
	Call  goto 83
	Constant  goto 84


state 115
	Expr : Expr EQUAL . Expr  (54)
	Receiver : .  (42)

	NULL  shift 46
	THIS  shift 47
	NEW  shift 54
	READ_INTEGER  shift 57
	READ_LINE  shift 58
	LITERAL  shift 59
	INSTANCEOF  shift 60
	DEC  shift 61
	INC  shift 62
	'-'  shift 63
	'!'  shift 64
	'('  shift 65
	IDENTIFIER  reduce 42

	LValue  goto 89
	Expr  goto 149
	RunableExpr  goto 91
	Receiver  goto 82
	Call  goto 83
	Constant  goto 84


state 116
	Expr : Expr NOT_EQUAL . Expr  (55)
	Receiver : .  (42)

	NULL  shift 46
	THIS  shift 47
	NEW  shift 54
	READ_INTEGER  shift 57
	READ_LINE  shift 58
	LITERAL  shift 59
	INSTANCEOF  shift 60
	DEC  shift 61
	INC  shift 62
	'-'  shift 63
	'!'  shift 64
	'('  shift 65
	IDENTIFIER  reduce 42

	LValue  goto 89
	Expr  goto 150
	RunableExpr  goto 91
	Receiver  goto 82
	Call  goto 83
	Constant  goto 84


state 117
	RunableExpr : Expr DEC .  (75)

	.  reduce 75


state 118
	RunableExpr : Expr INC .  (74)

	.  reduce 74


state 119
	Expr : Expr '+' . Expr  (49)
	Receiver : .  (42)

	NULL  shift 46
	THIS  shift 47
	NEW  shift 54
	READ_INTEGER  shift 57
	READ_LINE  shift 58
	LITERAL  shift 59
	INSTANCEOF  shift 60
	DEC  shift 61
	INC  shift 62
	'-'  shift 63
	'!'  shift 64
	'('  shift 65
	IDENTIFIER  reduce 42

	LValue  goto 89
	Expr  goto 151
	RunableExpr  goto 91
	Receiver  goto 82
	Call  goto 83
	Constant  goto 84


state 120
	Expr : Expr '-' . Expr  (50)
	Receiver : .  (42)

	NULL  shift 46
	THIS  shift 47
	NEW  shift 54
	READ_INTEGER  shift 57
	READ_LINE  shift 58
	LITERAL  shift 59
	INSTANCEOF  shift 60
	DEC  shift 61
	INC  shift 62
	'-'  shift 63
	'!'  shift 64
	'('  shift 65
	IDENTIFIER  reduce 42

	LValue  goto 89
	Expr  goto 152
	RunableExpr  goto 91
	Receiver  goto 82
	Call  goto 83
	Constant  goto 84


state 121
	Expr : Expr '*' . Expr  (51)
	Receiver : .  (42)

	NULL  shift 46
	THIS  shift 47
	NEW  shift 54
	READ_INTEGER  shift 57
	READ_LINE  shift 58
	LITERAL  shift 59
	INSTANCEOF  shift 60
	DEC  shift 61
	INC  shift 62
	'-'  shift 63
	'!'  shift 64
	'('  shift 65
	IDENTIFIER  reduce 42

	LValue  goto 89
	Expr  goto 153
	RunableExpr  goto 91
	Receiver  goto 82
	Call  goto 83
	Constant  goto 84


state 122
	Expr : Expr '/' . Expr  (52)
	Receiver : .  (42)

	NULL  shift 46
	THIS  shift 47
	NEW  shift 54
	READ_INTEGER  shift 57
	READ_LINE  shift 58
	LITERAL  shift 59
	INSTANCEOF  shift 60
	DEC  shift 61
	INC  shift 62
	'-'  shift 63
	'!'  shift 64
	'('  shift 65
	IDENTIFIER  reduce 42

	LValue  goto 89
	Expr  goto 154
	RunableExpr  goto 91
	Receiver  goto 82
	Call  goto 83
	Constant  goto 84


state 123
	Expr : Expr '%' . Expr  (53)
	Receiver : .  (42)

	NULL  shift 46
	THIS  shift 47
	NEW  shift 54
	READ_INTEGER  shift 57
	READ_LINE  shift 58
	LITERAL  shift 59
	INSTANCEOF  shift 60
	DEC  shift 61
	INC  shift 62
	'-'  shift 63
	'!'  shift 64
	'('  shift 65
	IDENTIFIER  reduce 42

	LValue  goto 89
	Expr  goto 155
	RunableExpr  goto 91
	Receiver  goto 82
	Call  goto 83
	Constant  goto 84


state 124
	Expr : Expr '>' . Expr  (57)
	Receiver : .  (42)

	NULL  shift 46
	THIS  shift 47
	NEW  shift 54
	READ_INTEGER  shift 57
	READ_LINE  shift 58
	LITERAL  shift 59
	INSTANCEOF  shift 60
	DEC  shift 61
	INC  shift 62
	'-'  shift 63
	'!'  shift 64
	'('  shift 65
	IDENTIFIER  reduce 42

	LValue  goto 89
	Expr  goto 156
	RunableExpr  goto 91
	Receiver  goto 82
	Call  goto 83
	Constant  goto 84


state 125
	Expr : Expr '<' . Expr  (56)
	Receiver : .  (42)

	NULL  shift 46
	THIS  shift 47
	NEW  shift 54
	READ_INTEGER  shift 57
	READ_LINE  shift 58
	LITERAL  shift 59
	INSTANCEOF  shift 60
	DEC  shift 61
	INC  shift 62
	'-'  shift 63
	'!'  shift 64
	'('  shift 65
	IDENTIFIER  reduce 42

	LValue  goto 89
	Expr  goto 157
	RunableExpr  goto 91
	Receiver  goto 82
	Call  goto 83
	Constant  goto 84


state 126
	Receiver : Expr '.' .  (41)

	.  reduce 41


state 127
	LValue : Expr '[' . Expr ']'  (44)
	Receiver : .  (42)

	NULL  shift 46
	THIS  shift 47
	NEW  shift 54
	READ_INTEGER  shift 57
	READ_LINE  shift 58
	LITERAL  shift 59
	INSTANCEOF  shift 60
	DEC  shift 61
	INC  shift 62
	'-'  shift 63
	'!'  shift 64
	'('  shift 65
	IDENTIFIER  reduce 42

	LValue  goto 89
	Expr  goto 158
	RunableExpr  goto 91
	Receiver  goto 82
	Call  goto 83
	Constant  goto 84


state 128
	Expr : Expr '?' . Expr ':' Expr  (72)
	Receiver : .  (42)

	NULL  shift 46
	THIS  shift 47
	NEW  shift 54
	READ_INTEGER  shift 57
	READ_LINE  shift 58
	LITERAL  shift 59
	INSTANCEOF  shift 60
	DEC  shift 61
	INC  shift 62
	'-'  shift 63
	'!'  shift 64
	'('  shift 65
	IDENTIFIER  reduce 42

	LValue  goto 89
	Expr  goto 159
	RunableExpr  goto 91
	Receiver  goto 82
	Call  goto 83
	Constant  goto 84


state 129
	LValue : Receiver IDENTIFIER .  (43)
	Call : Receiver IDENTIFIER . '(' Actuals ')'  (45)

	'('  shift 160
	AND  reduce 43
	OR  reduce 43
	LESS_EQUAL  reduce 43
	GREATER_EQUAL  reduce 43
	EQUAL  reduce 43
	NOT_EQUAL  reduce 43
	DEC  reduce 43
	INC  reduce 43
	'+'  reduce 43
	'-'  reduce 43
	'*'  reduce 43
	'/'  reduce 43
	'%'  reduce 43
	'='  reduce 43
	'>'  reduce 43
	'<'  reduce 43
	'.'  reduce 43
	','  reduce 43
	';'  reduce 43
	')'  reduce 43
	'['  reduce 43
	']'  reduce 43
	'?'  reduce 43
	':'  reduce 43


state 130
	Receiver : Expr . '.'  (41)
	LValue : Expr . '[' Expr ']'  (44)
	Expr : Expr . '+' Expr  (49)
	Expr : Expr . '-' Expr  (50)
	Expr : Expr . '*' Expr  (51)
	Expr : Expr . '/' Expr  (52)
	Expr : Expr . '%' Expr  (53)
	Expr : Expr . EQUAL Expr  (54)
	Expr : Expr . NOT_EQUAL Expr  (55)
	Expr : Expr . '<' Expr  (56)
	Expr : Expr . '>' Expr  (57)
	Expr : Expr . LESS_EQUAL Expr  (58)
	Expr : Expr . GREATER_EQUAL Expr  (59)
	Expr : Expr . AND Expr  (60)
	Expr : Expr . OR Expr  (61)
	Expr : Expr . '?' Expr ':' Expr  (72)
	RunableExpr : Expr . INC  (74)
	RunableExpr : Expr . DEC  (75)
	WhileStmt : WHILE '(' Expr . ')' Stmt  (84)

	AND  shift 111
	OR  shift 112
	LESS_EQUAL  shift 113
	GREATER_EQUAL  shift 114
	EQUAL  shift 115
	NOT_EQUAL  shift 116
	DEC  shift 117
	INC  shift 118
	'+'  shift 119
	'-'  shift 120
	'*'  shift 121
	'/'  shift 122
	'%'  shift 123
	'>'  shift 124
	'<'  shift 125
	'.'  shift 126
	')'  shift 161
	'['  shift 127
	'?'  shift 128
	.  error


state 131
	ForStmt : FOR '(' SimpleStmt . ';' Expr ';' SimpleStmt ')' Stmt  (86)

	';'  shift 162
	.  error


state 132
	RepeatStmt : REPEAT Stmt UNTIL . '(' Expr ')'  (85)

	'('  shift 163
	.  error


state 133
	Receiver : Expr . '.'  (41)
	LValue : Expr . '[' Expr ']'  (44)
	Expr : Expr . '+' Expr  (49)
	Expr : Expr . '-' Expr  (50)
	Expr : Expr . '*' Expr  (51)
	Expr : Expr . '/' Expr  (52)
	Expr : Expr . '%' Expr  (53)
	Expr : Expr . EQUAL Expr  (54)
	Expr : Expr . NOT_EQUAL Expr  (55)
	Expr : Expr . '<' Expr  (56)
	Expr : Expr . '>' Expr  (57)
	Expr : Expr . LESS_EQUAL Expr  (58)
	Expr : Expr . GREATER_EQUAL Expr  (59)
	Expr : Expr . AND Expr  (60)
	Expr : Expr . OR Expr  (61)
	Expr : Expr . '?' Expr ':' Expr  (72)
	RunableExpr : Expr . INC  (74)
	RunableExpr : Expr . DEC  (75)
	IfStmt : IF '(' Expr . ')' Stmt ElseClause  (88)

	AND  shift 111
	OR  shift 112
	LESS_EQUAL  shift 113
	GREATER_EQUAL  shift 114
	EQUAL  shift 115
	NOT_EQUAL  shift 116
	DEC  shift 117
	INC  shift 118
	'+'  shift 119
	'-'  shift 120
	'*'  shift 121
	'/'  shift 122
	'%'  shift 123
	'>'  shift 124
	'<'  shift 125
	'.'  shift 126
	')'  shift 164
	'['  shift 127
	'?'  shift 128
	.  error


state 134
	Expr : NEW IDENTIFIER '(' . ')'  (68)

	')'  shift 165
	.  error


state 135
	Type : Type '[' . ']'  (11)
	Expr : NEW Type '[' . Expr ']'  (69)
	Receiver : .  (42)

	NULL  shift 46
	THIS  shift 47
	NEW  shift 54
	READ_INTEGER  shift 57
	READ_LINE  shift 58
	LITERAL  shift 59
	INSTANCEOF  shift 60
	DEC  shift 61
	INC  shift 62
	'-'  shift 63
	'!'  shift 64
	'('  shift 65
	']'  shift 30
	IDENTIFIER  reduce 42

	LValue  goto 89
	Expr  goto 166
	RunableExpr  goto 91
	Receiver  goto 82
	Call  goto 83
	Constant  goto 84


state 136
	Receiver : Expr . '.'  (41)
	LValue : Expr . '[' Expr ']'  (44)
	Expr : Expr . '+' Expr  (49)
	Expr : Expr . '-' Expr  (50)
	Expr : Expr . '*' Expr  (51)
	Expr : Expr . '/' Expr  (52)
	Expr : Expr . '%' Expr  (53)
	Expr : Expr . EQUAL Expr  (54)
	Expr : Expr . NOT_EQUAL Expr  (55)
	Expr : Expr . '<' Expr  (56)
	Expr : Expr . '>' Expr  (57)
	Expr : Expr . LESS_EQUAL Expr  (58)
	Expr : Expr . GREATER_EQUAL Expr  (59)
	Expr : Expr . AND Expr  (60)
	Expr : Expr . OR Expr  (61)
	Expr : Expr . '?' Expr ':' Expr  (72)
	RunableExpr : Expr . INC  (74)
	RunableExpr : Expr . DEC  (75)
	SwitchStmt : SWITCH '(' Expr . ')' SwitchBlock  (94)

	AND  shift 111
	OR  shift 112
	LESS_EQUAL  shift 113
	GREATER_EQUAL  shift 114
	EQUAL  shift 115
	NOT_EQUAL  shift 116
	DEC  shift 117
	INC  shift 118
	'+'  shift 119
	'-'  shift 120
	'*'  shift 121
	'/'  shift 122
	'%'  shift 123
	'>'  shift 124
	'<'  shift 125
	'.'  shift 126
	')'  shift 167
	'['  shift 127
	'?'  shift 128
	.  error


state 137
	Receiver : Expr . '.'  (41)
	LValue : Expr . '[' Expr ']'  (44)
	Expr : Expr . '+' Expr  (49)
	Expr : Expr . '-' Expr  (50)
	Expr : Expr . '*' Expr  (51)
	Expr : Expr . '/' Expr  (52)
	Expr : Expr . '%' Expr  (53)
	Expr : Expr . EQUAL Expr  (54)
	Expr : Expr . NOT_EQUAL Expr  (55)
	Expr : Expr . '<' Expr  (56)
	Expr : Expr . '>' Expr  (57)
	Expr : Expr . LESS_EQUAL Expr  (58)
	Expr : Expr . GREATER_EQUAL Expr  (59)
	Expr : Expr . AND Expr  (60)
	Expr : Expr . OR Expr  (61)
	Expr : Expr . '?' Expr ':' Expr  (72)
	RunableExpr : Expr . INC  (74)
	RunableExpr : Expr . DEC  (75)
	ExprList : Expr .  (83)

	AND  shift 111
	OR  shift 112
	LESS_EQUAL  shift 113
	GREATER_EQUAL  shift 114
	EQUAL  shift 115
	NOT_EQUAL  shift 116
	DEC  shift 117
	INC  shift 118
	'+'  shift 119
	'-'  shift 120
	'*'  shift 121
	'/'  shift 122
	'%'  shift 123
	'>'  shift 124
	'<'  shift 125
	'.'  shift 126
	'['  shift 127
	'?'  shift 128
	','  reduce 83
	')'  reduce 83


state 138
	ExprList : ExprList . ',' Expr  (82)
	PrintStmt : PRINT '(' ExprList . ')'  (93)

	','  shift 168
	')'  shift 169
	.  error


state 139
	Expr : READ_INTEGER '(' ')' .  (65)

	.  reduce 65


state 140
	Expr : READ_LINE '(' ')' .  (66)

	.  reduce 66


state 141
	Receiver : Expr . '.'  (41)
	LValue : Expr . '[' Expr ']'  (44)
	Expr : Expr . '+' Expr  (49)
	Expr : Expr . '-' Expr  (50)
	Expr : Expr . '*' Expr  (51)
	Expr : Expr . '/' Expr  (52)
	Expr : Expr . '%' Expr  (53)
	Expr : Expr . EQUAL Expr  (54)
	Expr : Expr . NOT_EQUAL Expr  (55)
	Expr : Expr . '<' Expr  (56)
	Expr : Expr . '>' Expr  (57)
	Expr : Expr . LESS_EQUAL Expr  (58)
	Expr : Expr . GREATER_EQUAL Expr  (59)
	Expr : Expr . AND Expr  (60)
	Expr : Expr . OR Expr  (61)
	Expr : INSTANCEOF '(' Expr . ',' IDENTIFIER ')'  (70)
	Expr : Expr . '?' Expr ':' Expr  (72)
	RunableExpr : Expr . INC  (74)
	RunableExpr : Expr . DEC  (75)

	AND  shift 111
	OR  shift 112
	LESS_EQUAL  shift 113
	GREATER_EQUAL  shift 114
	EQUAL  shift 115
	NOT_EQUAL  shift 116
	DEC  shift 117
	INC  shift 118
	'+'  shift 119
	'-'  shift 120
	'*'  shift 121
	'/'  shift 122
	'%'  shift 123
	'>'  shift 124
	'<'  shift 125
	'.'  shift 126
	','  shift 170
	'['  shift 127
	'?'  shift 128
	.  error


state 142
	Expr : '(' CLASS IDENTIFIER . ')' Expr  (71)

	')'  shift 171
	.  error


state 143
	Expr : '(' Expr ')' .  (62)

	.  reduce 62


state 144
	SimpleStmt : LValue '=' Expr .  (38)
	Receiver : Expr . '.'  (41)
	LValue : Expr . '[' Expr ']'  (44)
	Expr : Expr . '+' Expr  (49)
	Expr : Expr . '-' Expr  (50)
	Expr : Expr . '*' Expr  (51)
	Expr : Expr . '/' Expr  (52)
	Expr : Expr . '%' Expr  (53)
	Expr : Expr . EQUAL Expr  (54)
	Expr : Expr . NOT_EQUAL Expr  (55)
	Expr : Expr . '<' Expr  (56)
	Expr : Expr . '>' Expr  (57)
	Expr : Expr . LESS_EQUAL Expr  (58)
	Expr : Expr . GREATER_EQUAL Expr  (59)
	Expr : Expr . AND Expr  (60)
	Expr : Expr . OR Expr  (61)
	Expr : Expr . '?' Expr ':' Expr  (72)
	RunableExpr : Expr . INC  (74)
	RunableExpr : Expr . DEC  (75)

	AND  shift 111
	OR  shift 112
	LESS_EQUAL  shift 113
	GREATER_EQUAL  shift 114
	EQUAL  shift 115
	NOT_EQUAL  shift 116
	DEC  shift 117
	INC  shift 118
	'+'  shift 119
	'-'  shift 120
	'*'  shift 121
	'/'  shift 122
	'%'  shift 123
	'>'  shift 124
	'<'  shift 125
	'.'  shift 126
	'['  shift 127
	'?'  shift 128
	';'  reduce 38
	')'  reduce 38


state 145
	Receiver : Expr . '.'  (41)
	LValue : Expr . '[' Expr ']'  (44)
	Expr : Expr . '+' Expr  (49)
	Expr : Expr . '-' Expr  (50)
	Expr : Expr . '*' Expr  (51)
	Expr : Expr . '/' Expr  (52)
	Expr : Expr . '%' Expr  (53)
	Expr : Expr . EQUAL Expr  (54)
	Expr : Expr . NOT_EQUAL Expr  (55)
	Expr : Expr . '<' Expr  (56)
	Expr : Expr . '>' Expr  (57)
	Expr : Expr . LESS_EQUAL Expr  (58)
	Expr : Expr . GREATER_EQUAL Expr  (59)
	Expr : Expr . AND Expr  (60)
	Expr : Expr AND Expr .  (60)
	Expr : Expr . OR Expr  (61)
	Expr : Expr . '?' Expr ':' Expr  (72)
	RunableExpr : Expr . INC  (74)
	RunableExpr : Expr . DEC  (75)

	LESS_EQUAL  shift 113
	GREATER_EQUAL  shift 114
	EQUAL  shift 115
	NOT_EQUAL  shift 116
	DEC  shift 117
	INC  shift 118
	'+'  shift 119
	'-'  shift 120
	'*'  shift 121
	'/'  shift 122
	'%'  shift 123
	'>'  shift 124
	'<'  shift 125
	'.'  shift 126
	'['  shift 127
	AND  reduce 60
	OR  reduce 60
	','  reduce 60
	';'  reduce 60
	')'  reduce 60
	']'  reduce 60
	'?'  reduce 60
	':'  reduce 60


state 146
	Receiver : Expr . '.'  (41)
	LValue : Expr . '[' Expr ']'  (44)
	Expr : Expr . '+' Expr  (49)
	Expr : Expr . '-' Expr  (50)
	Expr : Expr . '*' Expr  (51)
	Expr : Expr . '/' Expr  (52)
	Expr : Expr . '%' Expr  (53)
	Expr : Expr . EQUAL Expr  (54)
	Expr : Expr . NOT_EQUAL Expr  (55)
	Expr : Expr . '<' Expr  (56)
	Expr : Expr . '>' Expr  (57)
	Expr : Expr . LESS_EQUAL Expr  (58)
	Expr : Expr . GREATER_EQUAL Expr  (59)
	Expr : Expr . AND Expr  (60)
	Expr : Expr . OR Expr  (61)
	Expr : Expr OR Expr .  (61)
	Expr : Expr . '?' Expr ':' Expr  (72)
	RunableExpr : Expr . INC  (74)
	RunableExpr : Expr . DEC  (75)

	AND  shift 111
	LESS_EQUAL  shift 113
	GREATER_EQUAL  shift 114
	EQUAL  shift 115
	NOT_EQUAL  shift 116
	DEC  shift 117
	INC  shift 118
	'+'  shift 119
	'-'  shift 120
	'*'  shift 121
	'/'  shift 122
	'%'  shift 123
	'>'  shift 124
	'<'  shift 125
	'.'  shift 126
	'['  shift 127
	OR  reduce 61
	','  reduce 61
	';'  reduce 61
	')'  reduce 61
	']'  reduce 61
	'?'  reduce 61
	':'  reduce 61


state 147
	Receiver : Expr . '.'  (41)
	LValue : Expr . '[' Expr ']'  (44)
	Expr : Expr . '+' Expr  (49)
	Expr : Expr . '-' Expr  (50)
	Expr : Expr . '*' Expr  (51)
	Expr : Expr . '/' Expr  (52)
	Expr : Expr . '%' Expr  (53)
	Expr : Expr . EQUAL Expr  (54)
	Expr : Expr . NOT_EQUAL Expr  (55)
	Expr : Expr . '<' Expr  (56)
	Expr : Expr . '>' Expr  (57)
	Expr : Expr . LESS_EQUAL Expr  (58)
	Expr : Expr LESS_EQUAL Expr .  (58)
	Expr : Expr . GREATER_EQUAL Expr  (59)
	Expr : Expr . AND Expr  (60)
	Expr : Expr . OR Expr  (61)
	Expr : Expr . '?' Expr ':' Expr  (72)
	RunableExpr : Expr . INC  (74)
	RunableExpr : Expr . DEC  (75)

	DEC  shift 117
	INC  shift 118
	'+'  shift 119
	'-'  shift 120
	'*'  shift 121
	'/'  shift 122
	'%'  shift 123
	'.'  shift 126
	'['  shift 127
	AND  reduce 58
	OR  reduce 58
	EQUAL  reduce 58
	NOT_EQUAL  reduce 58
	','  reduce 58
	';'  reduce 58
	')'  reduce 58
	']'  reduce 58
	'?'  reduce 58
	':'  reduce 58


state 148
	Receiver : Expr . '.'  (41)
	LValue : Expr . '[' Expr ']'  (44)
	Expr : Expr . '+' Expr  (49)
	Expr : Expr . '-' Expr  (50)
	Expr : Expr . '*' Expr  (51)
	Expr : Expr . '/' Expr  (52)
	Expr : Expr . '%' Expr  (53)
	Expr : Expr . EQUAL Expr  (54)
	Expr : Expr . NOT_EQUAL Expr  (55)
	Expr : Expr . '<' Expr  (56)
	Expr : Expr . '>' Expr  (57)
	Expr : Expr . LESS_EQUAL Expr  (58)
	Expr : Expr . GREATER_EQUAL Expr  (59)
	Expr : Expr GREATER_EQUAL Expr .  (59)
	Expr : Expr . AND Expr  (60)
	Expr : Expr . OR Expr  (61)
	Expr : Expr . '?' Expr ':' Expr  (72)
	RunableExpr : Expr . INC  (74)
	RunableExpr : Expr . DEC  (75)

	DEC  shift 117
	INC  shift 118
	'+'  shift 119
	'-'  shift 120
	'*'  shift 121
	'/'  shift 122
	'%'  shift 123
	'.'  shift 126
	'['  shift 127
	AND  reduce 59
	OR  reduce 59
	EQUAL  reduce 59
	NOT_EQUAL  reduce 59
	','  reduce 59
	';'  reduce 59
	')'  reduce 59
	']'  reduce 59
	'?'  reduce 59
	':'  reduce 59


state 149
	Receiver : Expr . '.'  (41)
	LValue : Expr . '[' Expr ']'  (44)
	Expr : Expr . '+' Expr  (49)
	Expr : Expr . '-' Expr  (50)
	Expr : Expr . '*' Expr  (51)
	Expr : Expr . '/' Expr  (52)
	Expr : Expr . '%' Expr  (53)
	Expr : Expr . EQUAL Expr  (54)
	Expr : Expr EQUAL Expr .  (54)
	Expr : Expr . NOT_EQUAL Expr  (55)
	Expr : Expr . '<' Expr  (56)
	Expr : Expr . '>' Expr  (57)
	Expr : Expr . LESS_EQUAL Expr  (58)
	Expr : Expr . GREATER_EQUAL Expr  (59)
	Expr : Expr . AND Expr  (60)
	Expr : Expr . OR Expr  (61)
	Expr : Expr . '?' Expr ':' Expr  (72)
	RunableExpr : Expr . INC  (74)
	RunableExpr : Expr . DEC  (75)

	LESS_EQUAL  shift 113
	GREATER_EQUAL  shift 114
	DEC  shift 117
	INC  shift 118
	'+'  shift 119
	'-'  shift 120
	'*'  shift 121
	'/'  shift 122
	'%'  shift 123
	'>'  shift 124
	'<'  shift 125
	'.'  shift 126
	'['  shift 127
	AND  reduce 54
	OR  reduce 54
	','  reduce 54
	';'  reduce 54
	')'  reduce 54
	']'  reduce 54
	'?'  reduce 54
	':'  reduce 54


state 150
	Receiver : Expr . '.'  (41)
	LValue : Expr . '[' Expr ']'  (44)
	Expr : Expr . '+' Expr  (49)
	Expr : Expr . '-' Expr  (50)
	Expr : Expr . '*' Expr  (51)
	Expr : Expr . '/' Expr  (52)
	Expr : Expr . '%' Expr  (53)
	Expr : Expr . EQUAL Expr  (54)
	Expr : Expr . NOT_EQUAL Expr  (55)
	Expr : Expr NOT_EQUAL Expr .  (55)
	Expr : Expr . '<' Expr  (56)
	Expr : Expr . '>' Expr  (57)
	Expr : Expr . LESS_EQUAL Expr  (58)
	Expr : Expr . GREATER_EQUAL Expr  (59)
	Expr : Expr . AND Expr  (60)
	Expr : Expr . OR Expr  (61)
	Expr : Expr . '?' Expr ':' Expr  (72)
	RunableExpr : Expr . INC  (74)
	RunableExpr : Expr . DEC  (75)

	LESS_EQUAL  shift 113
	GREATER_EQUAL  shift 114
	DEC  shift 117
	INC  shift 118
	'+'  shift 119
	'-'  shift 120
	'*'  shift 121
	'/'  shift 122
	'%'  shift 123
	'>'  shift 124
	'<'  shift 125
	'.'  shift 126
	'['  shift 127
	AND  reduce 55
	OR  reduce 55
	','  reduce 55
	';'  reduce 55
	')'  reduce 55
	']'  reduce 55
	'?'  reduce 55
	':'  reduce 55


state 151
	Receiver : Expr . '.'  (41)
	LValue : Expr . '[' Expr ']'  (44)
	Expr : Expr . '+' Expr  (49)
	Expr : Expr '+' Expr .  (49)
	Expr : Expr . '-' Expr  (50)
	Expr : Expr . '*' Expr  (51)
	Expr : Expr . '/' Expr  (52)
	Expr : Expr . '%' Expr  (53)
	Expr : Expr . EQUAL Expr  (54)
	Expr : Expr . NOT_EQUAL Expr  (55)
	Expr : Expr . '<' Expr  (56)
	Expr : Expr . '>' Expr  (57)
	Expr : Expr . LESS_EQUAL Expr  (58)
	Expr : Expr . GREATER_EQUAL Expr  (59)
	Expr : Expr . AND Expr  (60)
	Expr : Expr . OR Expr  (61)
	Expr : Expr . '?' Expr ':' Expr  (72)
	RunableExpr : Expr . INC  (74)
	RunableExpr : Expr . DEC  (75)

	DEC  shift 117
	INC  shift 118
	'*'  shift 121
	'/'  shift 122
	'%'  shift 123
	'.'  shift 126
	'['  shift 127
	AND  reduce 49
	OR  reduce 49
	LESS_EQUAL  reduce 49
	GREATER_EQUAL  reduce 49
	EQUAL  reduce 49
	NOT_EQUAL  reduce 49
	'+'  reduce 49
	'-'  reduce 49
	'>'  reduce 49
	'<'  reduce 49
	','  reduce 49
	';'  reduce 49
	')'  reduce 49
	']'  reduce 49
	'?'  reduce 49
	':'  reduce 49


state 152
	Receiver : Expr . '.'  (41)
	LValue : Expr . '[' Expr ']'  (44)
	Expr : Expr . '+' Expr  (49)
	Expr : Expr . '-' Expr  (50)
	Expr : Expr '-' Expr .  (50)
	Expr : Expr . '*' Expr  (51)
	Expr : Expr . '/' Expr  (52)
	Expr : Expr . '%' Expr  (53)
	Expr : Expr . EQUAL Expr  (54)
	Expr : Expr . NOT_EQUAL Expr  (55)
	Expr : Expr . '<' Expr  (56)
	Expr : Expr . '>' Expr  (57)
	Expr : Expr . LESS_EQUAL Expr  (58)
	Expr : Expr . GREATER_EQUAL Expr  (59)
	Expr : Expr . AND Expr  (60)
	Expr : Expr . OR Expr  (61)
	Expr : Expr . '?' Expr ':' Expr  (72)
	RunableExpr : Expr . INC  (74)
	RunableExpr : Expr . DEC  (75)

	DEC  shift 117
	INC  shift 118
	'*'  shift 121
	'/'  shift 122
	'%'  shift 123
	'.'  shift 126
	'['  shift 127
	AND  reduce 50
	OR  reduce 50
	LESS_EQUAL  reduce 50
	GREATER_EQUAL  reduce 50
	EQUAL  reduce 50
	NOT_EQUAL  reduce 50
	'+'  reduce 50
	'-'  reduce 50
	'>'  reduce 50
	'<'  reduce 50
	','  reduce 50
	';'  reduce 50
	')'  reduce 50
	']'  reduce 50
	'?'  reduce 50
	':'  reduce 50


state 153
	Receiver : Expr . '.'  (41)
	LValue : Expr . '[' Expr ']'  (44)
	Expr : Expr . '+' Expr  (49)
	Expr : Expr . '-' Expr  (50)
	Expr : Expr . '*' Expr  (51)
	Expr : Expr '*' Expr .  (51)
	Expr : Expr . '/' Expr  (52)
	Expr : Expr . '%' Expr  (53)
	Expr : Expr . EQUAL Expr  (54)
	Expr : Expr . NOT_EQUAL Expr  (55)
	Expr : Expr . '<' Expr  (56)
	Expr : Expr . '>' Expr  (57)
	Expr : Expr . LESS_EQUAL Expr  (58)
	Expr : Expr . GREATER_EQUAL Expr  (59)
	Expr : Expr . AND Expr  (60)
	Expr : Expr . OR Expr  (61)
	Expr : Expr . '?' Expr ':' Expr  (72)
	RunableExpr : Expr . INC  (74)
	RunableExpr : Expr . DEC  (75)

	DEC  shift 117
	INC  shift 118
	'.'  shift 126
	'['  shift 127
	AND  reduce 51
	OR  reduce 51
	LESS_EQUAL  reduce 51
	GREATER_EQUAL  reduce 51
	EQUAL  reduce 51
	NOT_EQUAL  reduce 51
	'+'  reduce 51
	'-'  reduce 51
	'*'  reduce 51
	'/'  reduce 51
	'%'  reduce 51
	'>'  reduce 51
	'<'  reduce 51
	','  reduce 51
	';'  reduce 51
	')'  reduce 51
	']'  reduce 51
	'?'  reduce 51
	':'  reduce 51


state 154
	Receiver : Expr . '.'  (41)
	LValue : Expr . '[' Expr ']'  (44)
	Expr : Expr . '+' Expr  (49)
	Expr : Expr . '-' Expr  (50)
	Expr : Expr . '*' Expr  (51)
	Expr : Expr . '/' Expr  (52)
	Expr : Expr '/' Expr .  (52)
	Expr : Expr . '%' Expr  (53)
	Expr : Expr . EQUAL Expr  (54)
	Expr : Expr . NOT_EQUAL Expr  (55)
	Expr : Expr . '<' Expr  (56)
	Expr : Expr . '>' Expr  (57)
	Expr : Expr . LESS_EQUAL Expr  (58)
	Expr : Expr . GREATER_EQUAL Expr  (59)
	Expr : Expr . AND Expr  (60)
	Expr : Expr . OR Expr  (61)
	Expr : Expr . '?' Expr ':' Expr  (72)
	RunableExpr : Expr . INC  (74)
	RunableExpr : Expr . DEC  (75)

	DEC  shift 117
	INC  shift 118
	'.'  shift 126
	'['  shift 127
	AND  reduce 52
	OR  reduce 52
	LESS_EQUAL  reduce 52
	GREATER_EQUAL  reduce 52
	EQUAL  reduce 52
	NOT_EQUAL  reduce 52
	'+'  reduce 52
	'-'  reduce 52
	'*'  reduce 52
	'/'  reduce 52
	'%'  reduce 52
	'>'  reduce 52
	'<'  reduce 52
	','  reduce 52
	';'  reduce 52
	')'  reduce 52
	']'  reduce 52
	'?'  reduce 52
	':'  reduce 52


state 155
	Receiver : Expr . '.'  (41)
	LValue : Expr . '[' Expr ']'  (44)
	Expr : Expr . '+' Expr  (49)
	Expr : Expr . '-' Expr  (50)
	Expr : Expr . '*' Expr  (51)
	Expr : Expr . '/' Expr  (52)
	Expr : Expr . '%' Expr  (53)
	Expr : Expr '%' Expr .  (53)
	Expr : Expr . EQUAL Expr  (54)
	Expr : Expr . NOT_EQUAL Expr  (55)
	Expr : Expr . '<' Expr  (56)
	Expr : Expr . '>' Expr  (57)
	Expr : Expr . LESS_EQUAL Expr  (58)
	Expr : Expr . GREATER_EQUAL Expr  (59)
	Expr : Expr . AND Expr  (60)
	Expr : Expr . OR Expr  (61)
	Expr : Expr . '?' Expr ':' Expr  (72)
	RunableExpr : Expr . INC  (74)
	RunableExpr : Expr . DEC  (75)

	DEC  shift 117
	INC  shift 118
	'.'  shift 126
	'['  shift 127
	AND  reduce 53
	OR  reduce 53
	LESS_EQUAL  reduce 53
	GREATER_EQUAL  reduce 53
	EQUAL  reduce 53
	NOT_EQUAL  reduce 53
	'+'  reduce 53
	'-'  reduce 53
	'*'  reduce 53
	'/'  reduce 53
	'%'  reduce 53
	'>'  reduce 53
	'<'  reduce 53
	','  reduce 53
	';'  reduce 53
	')'  reduce 53
	']'  reduce 53
	'?'  reduce 53
	':'  reduce 53


state 156
	Receiver : Expr . '.'  (41)
	LValue : Expr . '[' Expr ']'  (44)
	Expr : Expr . '+' Expr  (49)
	Expr : Expr . '-' Expr  (50)
	Expr : Expr . '*' Expr  (51)
	Expr : Expr . '/' Expr  (52)
	Expr : Expr . '%' Expr  (53)
	Expr : Expr . EQUAL Expr  (54)
	Expr : Expr . NOT_EQUAL Expr  (55)
	Expr : Expr . '<' Expr  (56)
	Expr : Expr . '>' Expr  (57)
	Expr : Expr '>' Expr .  (57)
	Expr : Expr . LESS_EQUAL Expr  (58)
	Expr : Expr . GREATER_EQUAL Expr  (59)
	Expr : Expr . AND Expr  (60)
	Expr : Expr . OR Expr  (61)
	Expr : Expr . '?' Expr ':' Expr  (72)
	RunableExpr : Expr . INC  (74)
	RunableExpr : Expr . DEC  (75)

	DEC  shift 117
	INC  shift 118
	'+'  shift 119
	'-'  shift 120
	'*'  shift 121
	'/'  shift 122
	'%'  shift 123
	'.'  shift 126
	'['  shift 127
	AND  reduce 57
	OR  reduce 57
	EQUAL  reduce 57
	NOT_EQUAL  reduce 57
	','  reduce 57
	';'  reduce 57
	')'  reduce 57
	']'  reduce 57
	'?'  reduce 57
	':'  reduce 57


state 157
	Receiver : Expr . '.'  (41)
	LValue : Expr . '[' Expr ']'  (44)
	Expr : Expr . '+' Expr  (49)
	Expr : Expr . '-' Expr  (50)
	Expr : Expr . '*' Expr  (51)
	Expr : Expr . '/' Expr  (52)
	Expr : Expr . '%' Expr  (53)
	Expr : Expr . EQUAL Expr  (54)
	Expr : Expr . NOT_EQUAL Expr  (55)
	Expr : Expr . '<' Expr  (56)
	Expr : Expr '<' Expr .  (56)
	Expr : Expr . '>' Expr  (57)
	Expr : Expr . LESS_EQUAL Expr  (58)
	Expr : Expr . GREATER_EQUAL Expr  (59)
	Expr : Expr . AND Expr  (60)
	Expr : Expr . OR Expr  (61)
	Expr : Expr . '?' Expr ':' Expr  (72)
	RunableExpr : Expr . INC  (74)
	RunableExpr : Expr . DEC  (75)

	DEC  shift 117
	INC  shift 118
	'+'  shift 119
	'-'  shift 120
	'*'  shift 121
	'/'  shift 122
	'%'  shift 123
	'.'  shift 126
	'['  shift 127
	AND  reduce 56
	OR  reduce 56
	EQUAL  reduce 56
	NOT_EQUAL  reduce 56
	','  reduce 56
	';'  reduce 56
	')'  reduce 56
	']'  reduce 56
	'?'  reduce 56
	':'  reduce 56


state 158
	Receiver : Expr . '.'  (41)
	LValue : Expr . '[' Expr ']'  (44)
	LValue : Expr '[' Expr . ']'  (44)
	Expr : Expr . '+' Expr  (49)
	Expr : Expr . '-' Expr  (50)
	Expr : Expr . '*' Expr  (51)
	Expr : Expr . '/' Expr  (52)
	Expr : Expr . '%' Expr  (53)
	Expr : Expr . EQUAL Expr  (54)
	Expr : Expr . NOT_EQUAL Expr  (55)
	Expr : Expr . '<' Expr  (56)
	Expr : Expr . '>' Expr  (57)
	Expr : Expr . LESS_EQUAL Expr  (58)
	Expr : Expr . GREATER_EQUAL Expr  (59)
	Expr : Expr . AND Expr  (60)
	Expr : Expr . OR Expr  (61)
	Expr : Expr . '?' Expr ':' Expr  (72)
	RunableExpr : Expr . INC  (74)
	RunableExpr : Expr . DEC  (75)

	AND  shift 111
	OR  shift 112
	LESS_EQUAL  shift 113
	GREATER_EQUAL  shift 114
	EQUAL  shift 115
	NOT_EQUAL  shift 116
	DEC  shift 117
	INC  shift 118
	'+'  shift 119
	'-'  shift 120
	'*'  shift 121
	'/'  shift 122
	'%'  shift 123
	'>'  shift 124
	'<'  shift 125
	'.'  shift 126
	'['  shift 127
	']'  shift 172
	'?'  shift 128
	.  error


state 159
	Receiver : Expr . '.'  (41)
	LValue : Expr . '[' Expr ']'  (44)
	Expr : Expr . '+' Expr  (49)
	Expr : Expr . '-' Expr  (50)
	Expr : Expr . '*' Expr  (51)
	Expr : Expr . '/' Expr  (52)
	Expr : Expr . '%' Expr  (53)
	Expr : Expr . EQUAL Expr  (54)
	Expr : Expr . NOT_EQUAL Expr  (55)
	Expr : Expr . '<' Expr  (56)
	Expr : Expr . '>' Expr  (57)
	Expr : Expr . LESS_EQUAL Expr  (58)
	Expr : Expr . GREATER_EQUAL Expr  (59)
	Expr : Expr . AND Expr  (60)
	Expr : Expr . OR Expr  (61)
	Expr : Expr . '?' Expr ':' Expr  (72)
	Expr : Expr '?' Expr . ':' Expr  (72)
	RunableExpr : Expr . INC  (74)
	RunableExpr : Expr . DEC  (75)

	AND  shift 111
	OR  shift 112
	LESS_EQUAL  shift 113
	GREATER_EQUAL  shift 114
	EQUAL  shift 115
	NOT_EQUAL  shift 116
	DEC  shift 117
	INC  shift 118
	'+'  shift 119
	'-'  shift 120
	'*'  shift 121
	'/'  shift 122
	'%'  shift 123
	'>'  shift 124
	'<'  shift 125
	'.'  shift 126
	'['  shift 127
	'?'  shift 128
	':'  shift 173
	.  error


state 160
	Call : Receiver IDENTIFIER '(' . Actuals ')'  (45)
	Receiver : .  (42)
	Actuals : .  (81)

	NULL  shift 46
	THIS  shift 47
	NEW  shift 54
	READ_INTEGER  shift 57
	READ_LINE  shift 58
	LITERAL  shift 59
	INSTANCEOF  shift 60
	DEC  shift 61
	INC  shift 62
	'-'  shift 63
	'!'  shift 64
	'('  shift 65
	IDENTIFIER  reduce 42
	')'  reduce 81

	LValue  goto 89
	Expr  goto 137
	RunableExpr  goto 91
	Receiver  goto 82
	Call  goto 83
	Actuals  goto 174
	Constant  goto 84
	ExprList  goto 175


state 161
	WhileStmt : WHILE '(' Expr ')' . Stmt  (84)
	SimpleStmt : .  (40)
	Receiver : .  (42)

	VOID  shift 12
	BOOL  shift 13
	INT  shift 14
	STRING  shift 15
	CLASS  shift 16
	NULL  shift 46
	THIS  shift 47
	WHILE  shift 48
	FOR  shift 49
	REPEAT  shift 50
	IF  shift 51
	RETURN  shift 52
	BREAK  shift 53
	NEW  shift 54
	SWITCH  shift 55
	PRINT  shift 56
	READ_INTEGER  shift 57
	READ_LINE  shift 58
	LITERAL  shift 59
	INSTANCEOF  shift 60
	DEC  shift 61
	INC  shift 62
	'-'  shift 63
	'!'  shift 64
	'('  shift 65
	'{'  shift 41
	IDENTIFIER  reduce 42
	';'  reduce 40

	VariableDef  goto 67
	Variable  goto 20
	Type  goto 33
	StmtBlock  goto 68
	Stmt  goto 176
	SimpleStmt  goto 70
	IfStmt  goto 71
	WhileStmt  goto 72
	RepeatStmt  goto 73
	ForStmt  goto 74
	SwitchStmt  goto 75
	ReturnStmt  goto 76
	PrintStmt  goto 77
	BreakStmt  goto 78
	LValue  goto 79
	Expr  goto 80
	RunableExpr  goto 81
	Receiver  goto 82
	Call  goto 83
	Constant  goto 84


state 162
	ForStmt : FOR '(' SimpleStmt ';' . Expr ';' SimpleStmt ')' Stmt  (86)
	Receiver : .  (42)

	NULL  shift 46
	THIS  shift 47
	NEW  shift 54
	READ_INTEGER  shift 57
	READ_LINE  shift 58
	LITERAL  shift 59
	INSTANCEOF  shift 60
	DEC  shift 61
	INC  shift 62
	'-'  shift 63
	'!'  shift 64
	'('  shift 65
	IDENTIFIER  reduce 42

	LValue  goto 89
	Expr  goto 177
	RunableExpr  goto 91
	Receiver  goto 82
	Call  goto 83
	Constant  goto 84


state 163
	RepeatStmt : REPEAT Stmt UNTIL '(' . Expr ')'  (85)
	Receiver : .  (42)

	NULL  shift 46
	THIS  shift 47
	NEW  shift 54
	READ_INTEGER  shift 57
	READ_LINE  shift 58
	LITERAL  shift 59
	INSTANCEOF  shift 60
	DEC  shift 61
	INC  shift 62
	'-'  shift 63
	'!'  shift 64
	'('  shift 65
	IDENTIFIER  reduce 42

	LValue  goto 89
	Expr  goto 178
	RunableExpr  goto 91
	Receiver  goto 82
	Call  goto 83
	Constant  goto 84


state 164
	IfStmt : IF '(' Expr ')' . Stmt ElseClause  (88)
	SimpleStmt : .  (40)
	Receiver : .  (42)

	VOID  shift 12
	BOOL  shift 13
	INT  shift 14
	STRING  shift 15
	CLASS  shift 16
	NULL  shift 46
	THIS  shift 47
	WHILE  shift 48
	FOR  shift 49
	REPEAT  shift 50
	IF  shift 51
	RETURN  shift 52
	BREAK  shift 53
	NEW  shift 54
	SWITCH  shift 55
	PRINT  shift 56
	READ_INTEGER  shift 57
	READ_LINE  shift 58
	LITERAL  shift 59
	INSTANCEOF  shift 60
	DEC  shift 61
	INC  shift 62
	'-'  shift 63
	'!'  shift 64
	'('  shift 65
	'{'  shift 41
	IDENTIFIER  reduce 42
	';'  reduce 40

	VariableDef  goto 67
	Variable  goto 20
	Type  goto 33
	StmtBlock  goto 68
	Stmt  goto 179
	SimpleStmt  goto 70
	IfStmt  goto 71
	WhileStmt  goto 72
	RepeatStmt  goto 73
	ForStmt  goto 74
	SwitchStmt  goto 75
	ReturnStmt  goto 76
	PrintStmt  goto 77
	BreakStmt  goto 78
	LValue  goto 79
	Expr  goto 80
	RunableExpr  goto 81
	Receiver  goto 82
	Call  goto 83
	Constant  goto 84


state 165
	Expr : NEW IDENTIFIER '(' ')' .  (68)

	.  reduce 68


state 166
	Receiver : Expr . '.'  (41)
	LValue : Expr . '[' Expr ']'  (44)
	Expr : Expr . '+' Expr  (49)
	Expr : Expr . '-' Expr  (50)
	Expr : Expr . '*' Expr  (51)
	Expr : Expr . '/' Expr  (52)
	Expr : Expr . '%' Expr  (53)
	Expr : Expr . EQUAL Expr  (54)
	Expr : Expr . NOT_EQUAL Expr  (55)
	Expr : Expr . '<' Expr  (56)
	Expr : Expr . '>' Expr  (57)
	Expr : Expr . LESS_EQUAL Expr  (58)
	Expr : Expr . GREATER_EQUAL Expr  (59)
	Expr : Expr . AND Expr  (60)
	Expr : Expr . OR Expr  (61)
	Expr : NEW Type '[' Expr . ']'  (69)
	Expr : Expr . '?' Expr ':' Expr  (72)
	RunableExpr : Expr . INC  (74)
	RunableExpr : Expr . DEC  (75)

	AND  shift 111
	OR  shift 112
	LESS_EQUAL  shift 113
	GREATER_EQUAL  shift 114
	EQUAL  shift 115
	NOT_EQUAL  shift 116
	DEC  shift 117
	INC  shift 118
	'+'  shift 119
	'-'  shift 120
	'*'  shift 121
	'/'  shift 122
	'%'  shift 123
	'>'  shift 124
	'<'  shift 125
	'.'  shift 126
	'['  shift 127
	']'  shift 180
	'?'  shift 128
	.  error


state 167
	SwitchStmt : SWITCH '(' Expr ')' . SwitchBlock  (94)

	'{'  shift 181
	.  error

	SwitchBlock  goto 182


state 168
	ExprList : ExprList ',' . Expr  (82)
	Receiver : .  (42)

	NULL  shift 46
	THIS  shift 47
	NEW  shift 54
	READ_INTEGER  shift 57
	READ_LINE  shift 58
	LITERAL  shift 59
	INSTANCEOF  shift 60
	DEC  shift 61
	INC  shift 62
	'-'  shift 63
	'!'  shift 64
	'('  shift 65
	IDENTIFIER  reduce 42

	LValue  goto 89
	Expr  goto 183
	RunableExpr  goto 91
	Receiver  goto 82
	Call  goto 83
	Constant  goto 84


state 169
	PrintStmt : PRINT '(' ExprList ')' .  (93)

	.  reduce 93


state 170
	Expr : INSTANCEOF '(' Expr ',' . IDENTIFIER ')'  (70)

	IDENTIFIER  shift 184
	.  error


state 171
	Expr : '(' CLASS IDENTIFIER ')' . Expr  (71)
	Receiver : .  (42)

	NULL  shift 46
	THIS  shift 47
	NEW  shift 54
	READ_INTEGER  shift 57
	READ_LINE  shift 58
	LITERAL  shift 59
	INSTANCEOF  shift 60
	DEC  shift 61
	INC  shift 62
	'-'  shift 63
	'!'  shift 64
	'('  shift 65
	IDENTIFIER  reduce 42

	LValue  goto 89
	Expr  goto 185
	RunableExpr  goto 91
	Receiver  goto 82
	Call  goto 83
	Constant  goto 84


state 172
	LValue : Expr '[' Expr ']' .  (44)

	.  reduce 44


state 173
	Expr : Expr '?' Expr ':' . Expr  (72)
	Receiver : .  (42)

	NULL  shift 46
	THIS  shift 47
	NEW  shift 54
	READ_INTEGER  shift 57
	READ_LINE  shift 58
	LITERAL  shift 59
	INSTANCEOF  shift 60
	DEC  shift 61
	INC  shift 62
	'-'  shift 63
	'!'  shift 64
	'('  shift 65
	IDENTIFIER  reduce 42

	LValue  goto 89
	Expr  goto 186
	RunableExpr  goto 91
	Receiver  goto 82
	Call  goto 83
	Constant  goto 84


state 174
	Call : Receiver IDENTIFIER '(' Actuals . ')'  (45)

	')'  shift 187
	.  error


state 175
	Actuals : ExprList .  (80)
	ExprList : ExprList . ',' Expr  (82)

	','  shift 168
	')'  reduce 80


state 176
	WhileStmt : WHILE '(' Expr ')' Stmt .  (84)

	.  reduce 84


state 177
	Receiver : Expr . '.'  (41)
	LValue : Expr . '[' Expr ']'  (44)
	Expr : Expr . '+' Expr  (49)
	Expr : Expr . '-' Expr  (50)
	Expr : Expr . '*' Expr  (51)
	Expr : Expr . '/' Expr  (52)
	Expr : Expr . '%' Expr  (53)
	Expr : Expr . EQUAL Expr  (54)
	Expr : Expr . NOT_EQUAL Expr  (55)
	Expr : Expr . '<' Expr  (56)
	Expr : Expr . '>' Expr  (57)
	Expr : Expr . LESS_EQUAL Expr  (58)
	Expr : Expr . GREATER_EQUAL Expr  (59)
	Expr : Expr . AND Expr  (60)
	Expr : Expr . OR Expr  (61)
	Expr : Expr . '?' Expr ':' Expr  (72)
	RunableExpr : Expr . INC  (74)
	RunableExpr : Expr . DEC  (75)
	ForStmt : FOR '(' SimpleStmt ';' Expr . ';' SimpleStmt ')' Stmt  (86)

	AND  shift 111
	OR  shift 112
	LESS_EQUAL  shift 113
	GREATER_EQUAL  shift 114
	EQUAL  shift 115
	NOT_EQUAL  shift 116
	DEC  shift 117
	INC  shift 118
	'+'  shift 119
	'-'  shift 120
	'*'  shift 121
	'/'  shift 122
	'%'  shift 123
	'>'  shift 124
	'<'  shift 125
	'.'  shift 126
	';'  shift 188
	'['  shift 127
	'?'  shift 128
	.  error


state 178
	Receiver : Expr . '.'  (41)
	LValue : Expr . '[' Expr ']'  (44)
	Expr : Expr . '+' Expr  (49)
	Expr : Expr . '-' Expr  (50)
	Expr : Expr . '*' Expr  (51)
	Expr : Expr . '/' Expr  (52)
	Expr : Expr . '%' Expr  (53)
	Expr : Expr . EQUAL Expr  (54)
	Expr : Expr . NOT_EQUAL Expr  (55)
	Expr : Expr . '<' Expr  (56)
	Expr : Expr . '>' Expr  (57)
	Expr : Expr . LESS_EQUAL Expr  (58)
	Expr : Expr . GREATER_EQUAL Expr  (59)
	Expr : Expr . AND Expr  (60)
	Expr : Expr . OR Expr  (61)
	Expr : Expr . '?' Expr ':' Expr  (72)
	RunableExpr : Expr . INC  (74)
	RunableExpr : Expr . DEC  (75)
	RepeatStmt : REPEAT Stmt UNTIL '(' Expr . ')'  (85)

	AND  shift 111
	OR  shift 112
	LESS_EQUAL  shift 113
	GREATER_EQUAL  shift 114
	EQUAL  shift 115
	NOT_EQUAL  shift 116
	DEC  shift 117
	INC  shift 118
	'+'  shift 119
	'-'  shift 120
	'*'  shift 121
	'/'  shift 122
	'%'  shift 123
	'>'  shift 124
	'<'  shift 125
	'.'  shift 126
	')'  shift 189
	'['  shift 127
	'?'  shift 128
	.  error


state 179
	IfStmt : IF '(' Expr ')' Stmt . ElseClause  (88)
	ElseClause : .  (90)

	ELSE  shift 190
	VOID  reduce 90
	BOOL  reduce 90
	INT  reduce 90
	STRING  reduce 90
	CLASS  reduce 90
	NULL  reduce 90
	THIS  reduce 90
	WHILE  reduce 90
	FOR  reduce 90
	REPEAT  reduce 90
	UNTIL  reduce 90
	IF  reduce 90
	RETURN  reduce 90
	BREAK  reduce 90
	NEW  reduce 90
	SWITCH  reduce 90
	CASE  reduce 90
	DEFAULT  reduce 90
	PRINT  reduce 90
	READ_INTEGER  reduce 90
	READ_LINE  reduce 90
	LITERAL  reduce 90
	IDENTIFIER  reduce 90
	INSTANCEOF  reduce 90
	DEC  reduce 90
	INC  reduce 90
	'-'  reduce 90
	';'  reduce 90
	'!'  reduce 90
	'('  reduce 90
	'{'  reduce 90
	'}'  reduce 90

	ElseClause  goto 191


state 180
	Expr : NEW Type '[' Expr ']' .  (69)

	.  reduce 69


state 181
	SwitchBlock : '{' . Cases '}'  (95)
	Cases : .  (98)

	.  reduce 98

	Cases  goto 192


state 182
	SwitchStmt : SWITCH '(' Expr ')' SwitchBlock .  (94)

	.  reduce 94


state 183
	Receiver : Expr . '.'  (41)
	LValue : Expr . '[' Expr ']'  (44)
	Expr : Expr . '+' Expr  (49)
	Expr : Expr . '-' Expr  (50)
	Expr : Expr . '*' Expr  (51)
	Expr : Expr . '/' Expr  (52)
	Expr : Expr . '%' Expr  (53)
	Expr : Expr . EQUAL Expr  (54)
	Expr : Expr . NOT_EQUAL Expr  (55)
	Expr : Expr . '<' Expr  (56)
	Expr : Expr . '>' Expr  (57)
	Expr : Expr . LESS_EQUAL Expr  (58)
	Expr : Expr . GREATER_EQUAL Expr  (59)
	Expr : Expr . AND Expr  (60)
	Expr : Expr . OR Expr  (61)
	Expr : Expr . '?' Expr ':' Expr  (72)
	RunableExpr : Expr . INC  (74)
	RunableExpr : Expr . DEC  (75)
	ExprList : ExprList ',' Expr .  (82)

	AND  shift 111
	OR  shift 112
	LESS_EQUAL  shift 113
	GREATER_EQUAL  shift 114
	EQUAL  shift 115
	NOT_EQUAL  shift 116
	DEC  shift 117
	INC  shift 118
	'+'  shift 119
	'-'  shift 120
	'*'  shift 121
	'/'  shift 122
	'%'  shift 123
	'>'  shift 124
	'<'  shift 125
	'.'  shift 126
	'['  shift 127
	'?'  shift 128
	','  reduce 82
	')'  reduce 82


state 184
	Expr : INSTANCEOF '(' Expr ',' IDENTIFIER . ')'  (70)

	')'  shift 193
	.  error


state 185
	Receiver : Expr . '.'  (41)
	LValue : Expr . '[' Expr ']'  (44)
	Expr : Expr . '+' Expr  (49)
	Expr : Expr . '-' Expr  (50)
	Expr : Expr . '*' Expr  (51)
	Expr : Expr . '/' Expr  (52)
	Expr : Expr . '%' Expr  (53)
	Expr : Expr . EQUAL Expr  (54)
	Expr : Expr . NOT_EQUAL Expr  (55)
	Expr : Expr . '<' Expr  (56)
	Expr : Expr . '>' Expr  (57)
	Expr : Expr . LESS_EQUAL Expr  (58)
	Expr : Expr . GREATER_EQUAL Expr  (59)
	Expr : Expr . AND Expr  (60)
	Expr : Expr . OR Expr  (61)
	Expr : '(' CLASS IDENTIFIER ')' Expr .  (71)
	Expr : Expr . '?' Expr ':' Expr  (72)
	RunableExpr : Expr . INC  (74)
	RunableExpr : Expr . DEC  (75)

	.  reduce 71


186: shift/reduce conflict (shift 111, reduce 72) on AND
186: shift/reduce conflict (shift 112, reduce 72) on OR
186: shift/reduce conflict (shift 113, reduce 72) on LESS_EQUAL
186: shift/reduce conflict (shift 114, reduce 72) on GREATER_EQUAL
186: shift/reduce conflict (shift 115, reduce 72) on EQUAL
186: shift/reduce conflict (shift 116, reduce 72) on NOT_EQUAL
186: shift/reduce conflict (shift 117, reduce 72) on DEC
186: shift/reduce conflict (shift 118, reduce 72) on INC
186: shift/reduce conflict (shift 119, reduce 72) on '+'
186: shift/reduce conflict (shift 120, reduce 72) on '-'
186: shift/reduce conflict (shift 121, reduce 72) on '*'
186: shift/reduce conflict (shift 122, reduce 72) on '/'
186: shift/reduce conflict (shift 123, reduce 72) on '%'
186: shift/reduce conflict (shift 124, reduce 72) on '>'
186: shift/reduce conflict (shift 125, reduce 72) on '<'
186: shift/reduce conflict (shift 126, reduce 72) on '.'
186: shift/reduce conflict (shift 127, reduce 72) on '['
186: shift/reduce conflict (shift 128, reduce 72) on '?'
state 186
	Receiver : Expr . '.'  (41)
	LValue : Expr . '[' Expr ']'  (44)
	Expr : Expr . '+' Expr  (49)
	Expr : Expr . '-' Expr  (50)
	Expr : Expr . '*' Expr  (51)
	Expr : Expr . '/' Expr  (52)
	Expr : Expr . '%' Expr  (53)
	Expr : Expr . EQUAL Expr  (54)
	Expr : Expr . NOT_EQUAL Expr  (55)
	Expr : Expr . '<' Expr  (56)
	Expr : Expr . '>' Expr  (57)
	Expr : Expr . LESS_EQUAL Expr  (58)
	Expr : Expr . GREATER_EQUAL Expr  (59)
	Expr : Expr . AND Expr  (60)
	Expr : Expr . OR Expr  (61)
	Expr : Expr . '?' Expr ':' Expr  (72)
	Expr : Expr '?' Expr ':' Expr .  (72)
	RunableExpr : Expr . INC  (74)
	RunableExpr : Expr . DEC  (75)

	AND  shift 111
	OR  shift 112
	LESS_EQUAL  shift 113
	GREATER_EQUAL  shift 114
	EQUAL  shift 115
	NOT_EQUAL  shift 116
	DEC  shift 117
	INC  shift 118
	'+'  shift 119
	'-'  shift 120
	'*'  shift 121
	'/'  shift 122
	'%'  shift 123
	'>'  shift 124
	'<'  shift 125
	'.'  shift 126
	'['  shift 127
	'?'  shift 128
	','  reduce 72
	';'  reduce 72
	')'  reduce 72
	']'  reduce 72
	':'  reduce 72


state 187
	Call : Receiver IDENTIFIER '(' Actuals ')' .  (45)

	.  reduce 45


state 188
	ForStmt : FOR '(' SimpleStmt ';' Expr ';' . SimpleStmt ')' Stmt  (86)
	SimpleStmt : .  (40)
	Receiver : .  (42)

	NULL  shift 46
	THIS  shift 47
	NEW  shift 54
	READ_INTEGER  shift 57
	READ_LINE  shift 58
	LITERAL  shift 59
	INSTANCEOF  shift 60
	DEC  shift 61
	INC  shift 62
	'-'  shift 63
	'!'  shift 64
	'('  shift 65
	IDENTIFIER  reduce 42
	')'  reduce 40

	SimpleStmt  goto 194
	LValue  goto 79
	Expr  goto 80
	RunableExpr  goto 81
	Receiver  goto 82
	Call  goto 83
	Constant  goto 84


state 189
	RepeatStmt : REPEAT Stmt UNTIL '(' Expr ')' .  (85)

	.  reduce 85


state 190
	ElseClause : ELSE . Stmt  (89)
	SimpleStmt : .  (40)
	Receiver : .  (42)

	VOID  shift 12
	BOOL  shift 13
	INT  shift 14
	STRING  shift 15
	CLASS  shift 16
	NULL  shift 46
	THIS  shift 47
	WHILE  shift 48
	FOR  shift 49
	REPEAT  shift 50
	IF  shift 51
	RETURN  shift 52
	BREAK  shift 53
	NEW  shift 54
	SWITCH  shift 55
	PRINT  shift 56
	READ_INTEGER  shift 57
	READ_LINE  shift 58
	LITERAL  shift 59
	INSTANCEOF  shift 60
	DEC  shift 61
	INC  shift 62
	'-'  shift 63
	'!'  shift 64
	'('  shift 65
	'{'  shift 41
	IDENTIFIER  reduce 42
	';'  reduce 40

	VariableDef  goto 67
	Variable  goto 20
	Type  goto 33
	StmtBlock  goto 68
	Stmt  goto 195
	SimpleStmt  goto 70
	IfStmt  goto 71
	WhileStmt  goto 72
	RepeatStmt  goto 73
	ForStmt  goto 74
	SwitchStmt  goto 75
	ReturnStmt  goto 76
	PrintStmt  goto 77
	BreakStmt  goto 78
	LValue  goto 79
	Expr  goto 80
	RunableExpr  goto 81
	Receiver  goto 82
	Call  goto 83
	Constant  goto 84


state 191
	IfStmt : IF '(' Expr ')' Stmt ElseClause .  (88)

	.  reduce 88


state 192
	SwitchBlock : '{' Cases . '}'  (95)
	Cases : Cases . Case  (96)
	Cases : Cases . DefaultCase  (97)

	CASE  shift 196
	DEFAULT  shift 197
	'}'  shift 198
	.  error

	Case  goto 199
	DefaultCase  goto 200


state 193
	Expr : INSTANCEOF '(' Expr ',' IDENTIFIER ')' .  (70)

	.  reduce 70


state 194
	ForStmt : FOR '(' SimpleStmt ';' Expr ';' SimpleStmt . ')' Stmt  (86)

	')'  shift 201
	.  error


state 195
	ElseClause : ELSE Stmt .  (89)

	.  reduce 89


state 196
	Case : CASE . Expr ':' CaseBlock  (99)
	Receiver : .  (42)

	NULL  shift 46
	THIS  shift 47
	NEW  shift 54
	READ_INTEGER  shift 57
	READ_LINE  shift 58
	LITERAL  shift 59
	INSTANCEOF  shift 60
	DEC  shift 61
	INC  shift 62
	'-'  shift 63
	'!'  shift 64
	'('  shift 65
	IDENTIFIER  reduce 42

	LValue  goto 89
	Expr  goto 202
	RunableExpr  goto 91
	Receiver  goto 82
	Call  goto 83
	Constant  goto 84


state 197
	DefaultCase : DEFAULT . ':' CaseBlock  (100)

	':'  shift 203
	.  error


state 198
	SwitchBlock : '{' Cases '}' .  (95)

	.  reduce 95


state 199
	Cases : Cases Case .  (96)

	.  reduce 96


state 200
	Cases : Cases DefaultCase .  (97)

	.  reduce 97


state 201
	ForStmt : FOR '(' SimpleStmt ';' Expr ';' SimpleStmt ')' . Stmt  (86)
	SimpleStmt : .  (40)
	Receiver : .  (42)

	VOID  shift 12
	BOOL  shift 13
	INT  shift 14
	STRING  shift 15
	CLASS  shift 16
	NULL  shift 46
	THIS  shift 47
	WHILE  shift 48
	FOR  shift 49
	REPEAT  shift 50
	IF  shift 51
	RETURN  shift 52
	BREAK  shift 53
	NEW  shift 54
	SWITCH  shift 55
	PRINT  shift 56
	READ_INTEGER  shift 57
	READ_LINE  shift 58
	LITERAL  shift 59
	INSTANCEOF  shift 60
	DEC  shift 61
	INC  shift 62
	'-'  shift 63
	'!'  shift 64
	'('  shift 65
	'{'  shift 41
	IDENTIFIER  reduce 42
	';'  reduce 40

	VariableDef  goto 67
	Variable  goto 20
	Type  goto 33
	StmtBlock  goto 68
	Stmt  goto 204
	SimpleStmt  goto 70
	IfStmt  goto 71
	WhileStmt  goto 72
	RepeatStmt  goto 73
	ForStmt  goto 74
	SwitchStmt  goto 75
	ReturnStmt  goto 76
	PrintStmt  goto 77
	BreakStmt  goto 78
	LValue  goto 79
	Expr  goto 80
	RunableExpr  goto 81
	Receiver  goto 82
	Call  goto 83
	Constant  goto 84


state 202
	Receiver : Expr . '.'  (41)
	LValue : Expr . '[' Expr ']'  (44)
	Expr : Expr . '+' Expr  (49)
	Expr : Expr . '-' Expr  (50)
	Expr : Expr . '*' Expr  (51)
	Expr : Expr . '/' Expr  (52)
	Expr : Expr . '%' Expr  (53)
	Expr : Expr . EQUAL Expr  (54)
	Expr : Expr . NOT_EQUAL Expr  (55)
	Expr : Expr . '<' Expr  (56)
	Expr : Expr . '>' Expr  (57)
	Expr : Expr . LESS_EQUAL Expr  (58)
	Expr : Expr . GREATER_EQUAL Expr  (59)
	Expr : Expr . AND Expr  (60)
	Expr : Expr . OR Expr  (61)
	Expr : Expr . '?' Expr ':' Expr  (72)
	RunableExpr : Expr . INC  (74)
	RunableExpr : Expr . DEC  (75)
	Case : CASE Expr . ':' CaseBlock  (99)

	AND  shift 111
	OR  shift 112
	LESS_EQUAL  shift 113
	GREATER_EQUAL  shift 114
	EQUAL  shift 115
	NOT_EQUAL  shift 116
	DEC  shift 117
	INC  shift 118
	'+'  shift 119
	'-'  shift 120
	'*'  shift 121
	'/'  shift 122
	'%'  shift 123
	'>'  shift 124
	'<'  shift 125
	'.'  shift 126
	'['  shift 127
	'?'  shift 128
	':'  shift 205
	.  error


state 203
	DefaultCase : DEFAULT ':' . CaseBlock  (100)
	StmtList : .  (26)

	.  reduce 26

	StmtList  goto 206
	CaseBlock  goto 207


state 204
	ForStmt : FOR '(' SimpleStmt ';' Expr ';' SimpleStmt ')' Stmt .  (86)

	.  reduce 86


state 205
	Case : CASE Expr ':' . CaseBlock  (99)
	StmtList : .  (26)

	.  reduce 26

	StmtList  goto 206
	CaseBlock  goto 208


state 206
	StmtList : StmtList . Stmt  (25)
	CaseBlock : StmtList .  (101)
	SimpleStmt : .  (40)
	Receiver : .  (42)

	VOID  shift 12
	BOOL  shift 13
	INT  shift 14
	STRING  shift 15
	CLASS  shift 16
	NULL  shift 46
	THIS  shift 47
	WHILE  shift 48
	FOR  shift 49
	REPEAT  shift 50
	IF  shift 51
	RETURN  shift 52
	BREAK  shift 53
	NEW  shift 54
	SWITCH  shift 55
	PRINT  shift 56
	READ_INTEGER  shift 57
	READ_LINE  shift 58
	LITERAL  shift 59
	INSTANCEOF  shift 60
	DEC  shift 61
	INC  shift 62
	'-'  shift 63
	'!'  shift 64
	'('  shift 65
	'{'  shift 41
	CASE  reduce 101
	DEFAULT  reduce 101
	IDENTIFIER  reduce 42
	';'  reduce 40
	'}'  reduce 101

	VariableDef  goto 67
	Variable  goto 20
	Type  goto 33
	StmtBlock  goto 68
	Stmt  goto 69
	SimpleStmt  goto 70
	IfStmt  goto 71
	WhileStmt  goto 72
	RepeatStmt  goto 73
	ForStmt  goto 74
	SwitchStmt  goto 75
	ReturnStmt  goto 76
	PrintStmt  goto 77
	BreakStmt  goto 78
	LValue  goto 79
	Expr  goto 80
	RunableExpr  goto 81
	Receiver  goto 82
	Call  goto 83
	Constant  goto 84


state 207
	DefaultCase : DEFAULT ':' CaseBlock .  (100)

	.  reduce 100


state 208
	Case : CASE Expr ':' CaseBlock .  (99)

	.  reduce 99


State 186 contains 18 shift/reduce conflicts.


61 terminals, 38 nonterminals
102 grammar rules, 209 states
